{"/home/guan/Desktop/studies/spring_2021/dti/office-hours/src/components/includes/Analytics.tsx":{"path":"/home/guan/Desktop/studies/spring_2021/dti/office-hours/src/components/includes/Analytics.tsx","statementMap":{"0":{"start":{"line":13,"column":23},"end":{"line":17,"column":1}},"1":{"start":{"line":14,"column":17},"end":{"line":14,"column":34}},"2":{"start":{"line":15,"column":4},"end":{"line":15,"column":26}},"3":{"start":{"line":16,"column":4},"end":{"line":16,"column":27}},"4":{"start":{"line":21,"column":8},"end":{"line":21,"column":21}},"5":{"start":{"line":23,"column":8},"end":{"line":23,"column":71}},"6":{"start":{"line":28,"column":8},"end":{"line":31,"column":9}},"7":{"start":{"line":30,"column":12},"end":{"line":30,"column":85}},"8":{"start":{"line":35,"column":8},"end":{"line":35,"column":20}}},"fnMap":{"0":{"name":"(anonymous_0)","decl":{"start":{"line":13,"column":23},"end":{"line":13,"column":24}},"loc":{"start":{"line":13,"column":58},"end":{"line":17,"column":1}},"line":13},"1":{"name":"(anonymous_1)","decl":{"start":{"line":20,"column":4},"end":{"line":20,"column":5}},"loc":{"start":{"line":20,"column":39},"end":{"line":24,"column":5}},"line":20},"2":{"name":"(anonymous_2)","decl":{"start":{"line":26,"column":4},"end":{"line":26,"column":5}},"loc":{"start":{"line":26,"column":50},"end":{"line":32,"column":5}},"line":26},"3":{"name":"(anonymous_3)","decl":{"start":{"line":34,"column":4},"end":{"line":34,"column":5}},"loc":{"start":{"line":34,"column":13},"end":{"line":36,"column":5}},"line":34}},"branchMap":{"0":{"loc":{"start":{"line":13,"column":42},"end":{"line":13,"column":53}},"type":"default-arg","locations":[{"start":{"line":13,"column":51},"end":{"line":13,"column":53}}],"line":13},"1":{"loc":{"start":{"line":28,"column":8},"end":{"line":31,"column":9}},"type":"if","locations":[{"start":{"line":28,"column":8},"end":{"line":31,"column":9}},{"start":{"line":28,"column":8},"end":{"line":31,"column":9}}],"line":28},"2":{"loc":{"start":{"line":28,"column":12},"end":{"line":29,"column":71}},"type":"binary-expr","locations":[{"start":{"line":28,"column":12},"end":{"line":28,"column":72}},{"start":{"line":29,"column":15},"end":{"line":29,"column":71}}],"line":28}},"s":{"0":0,"1":0,"2":0,"3":0,"4":0,"5":0,"6":0,"7":0,"8":0},"f":{"0":0,"1":0,"2":0,"3":0},"b":{"0":[0],"1":[0,0],"2":[0,0]},"all":true},"/home/guan/Desktop/studies/spring_2021/dti/office-hours/src/components/includes/registerServiceWorker.ts":{"path":"/home/guan/Desktop/studies/spring_2021/dti/office-hours/src/components/includes/registerServiceWorker.ts","statementMap":{"0":{"start":{"line":13,"column":20},"end":{"line":21,"column":1}},"1":{"start":{"line":24,"column":2},"end":{"line":49,"column":3}},"2":{"start":{"line":26,"column":22},"end":{"line":30,"column":5}},"3":{"start":{"line":31,"column":4},"end":{"line":36,"column":5}},"4":{"start":{"line":35,"column":6},"end":{"line":35,"column":13}},"5":{"start":{"line":38,"column":4},"end":{"line":48,"column":7}},"6":{"start":{"line":39,"column":20},"end":{"line":39,"column":65}},"7":{"start":{"line":41,"column":6},"end":{"line":47,"column":7}},"8":{"start":{"line":43,"column":8},"end":{"line":43,"column":31}},"9":{"start":{"line":46,"column":8},"end":{"line":46,"column":39}},"10":{"start":{"line":53,"column":2},"end":{"line":81,"column":7}},"11":{"start":{"line":57,"column":6},"end":{"line":77,"column":8}},"12":{"start":{"line":58,"column":33},"end":{"line":58,"column":56}},"13":{"start":{"line":59,"column":8},"end":{"line":76,"column":9}},"14":{"start":{"line":60,"column":10},"end":{"line":75,"column":12}},"15":{"start":{"line":61,"column":12},"end":{"line":74,"column":13}},"16":{"start":{"line":62,"column":14},"end":{"line":73,"column":15}},"17":{"start":{"line":67,"column":16},"end":{"line":67,"column":73}},"18":{"start":{"line":72,"column":16},"end":{"line":72,"column":66}},"19":{"start":{"line":80,"column":6},"end":{"line":80,"column":72}},"20":{"start":{"line":86,"column":2},"end":{"line":109,"column":7}},"21":{"start":{"line":89,"column":6},"end":{"line":103,"column":7}},"22":{"start":{"line":95,"column":8},"end":{"line":99,"column":11}},"23":{"start":{"line":96,"column":10},"end":{"line":98,"column":13}},"24":{"start":{"line":97,"column":12},"end":{"line":97,"column":37}},"25":{"start":{"line":102,"column":8},"end":{"line":102,"column":31}},"26":{"start":{"line":106,"column":6},"end":{"line":108,"column":8}},"27":{"start":{"line":113,"column":2},"end":{"line":117,"column":3}},"28":{"start":{"line":114,"column":4},"end":{"line":116,"column":7}},"29":{"start":{"line":115,"column":6},"end":{"line":115,"column":32}}},"fnMap":{"0":{"name":"register","decl":{"start":{"line":23,"column":24},"end":{"line":23,"column":32}},"loc":{"start":{"line":23,"column":35},"end":{"line":50,"column":1}},"line":23},"1":{"name":"(anonymous_1)","decl":{"start":{"line":38,"column":36},"end":{"line":38,"column":37}},"loc":{"start":{"line":38,"column":42},"end":{"line":48,"column":5}},"line":38},"2":{"name":"registerValidSW","decl":{"start":{"line":52,"column":9},"end":{"line":52,"column":24}},"loc":{"start":{"line":52,"column":40},"end":{"line":82,"column":1}},"line":52},"3":{"name":"(anonymous_3)","decl":{"start":{"line":55,"column":10},"end":{"line":55,"column":11}},"loc":{"start":{"line":55,"column":26},"end":{"line":78,"column":5}},"line":55},"4":{"name":"(anonymous_4)","decl":{"start":{"line":57,"column":35},"end":{"line":57,"column":36}},"loc":{"start":{"line":57,"column":41},"end":{"line":77,"column":7}},"line":57},"5":{"name":"(anonymous_5)","decl":{"start":{"line":60,"column":43},"end":{"line":60,"column":44}},"loc":{"start":{"line":60,"column":49},"end":{"line":75,"column":11}},"line":60},"6":{"name":"(anonymous_6)","decl":{"start":{"line":79,"column":11},"end":{"line":79,"column":12}},"loc":{"start":{"line":79,"column":20},"end":{"line":81,"column":5}},"line":79},"7":{"name":"checkValidServiceWorker","decl":{"start":{"line":84,"column":9},"end":{"line":84,"column":32}},"loc":{"start":{"line":84,"column":48},"end":{"line":110,"column":1}},"line":84},"8":{"name":"(anonymous_8)","decl":{"start":{"line":87,"column":10},"end":{"line":87,"column":11}},"loc":{"start":{"line":87,"column":22},"end":{"line":104,"column":5}},"line":87},"9":{"name":"(anonymous_9)","decl":{"start":{"line":95,"column":43},"end":{"line":95,"column":44}},"loc":{"start":{"line":95,"column":59},"end":{"line":99,"column":9}},"line":95},"10":{"name":"(anonymous_10)","decl":{"start":{"line":96,"column":41},"end":{"line":96,"column":42}},"loc":{"start":{"line":96,"column":47},"end":{"line":98,"column":11}},"line":96},"11":{"name":"(anonymous_11)","decl":{"start":{"line":105,"column":11},"end":{"line":105,"column":12}},"loc":{"start":{"line":105,"column":17},"end":{"line":109,"column":5}},"line":105},"12":{"name":"unregister","decl":{"start":{"line":112,"column":16},"end":{"line":112,"column":26}},"loc":{"start":{"line":112,"column":29},"end":{"line":118,"column":1}},"line":112},"13":{"name":"(anonymous_13)","decl":{"start":{"line":114,"column":39},"end":{"line":114,"column":40}},"loc":{"start":{"line":114,"column":55},"end":{"line":116,"column":5}},"line":114}},"branchMap":{"0":{"loc":{"start":{"line":14,"column":2},"end":{"line":20,"column":5}},"type":"binary-expr","locations":[{"start":{"line":14,"column":2},"end":{"line":14,"column":42}},{"start":{"line":16,"column":4},"end":{"line":16,"column":40}},{"start":{"line":18,"column":4},"end":{"line":20,"column":5}}],"line":14},"1":{"loc":{"start":{"line":24,"column":2},"end":{"line":49,"column":3}},"type":"if","locations":[{"start":{"line":24,"column":2},"end":{"line":49,"column":3}},{"start":{"line":24,"column":2},"end":{"line":49,"column":3}}],"line":24},"2":{"loc":{"start":{"line":24,"column":6},"end":{"line":24,"column":75}},"type":"binary-expr","locations":[{"start":{"line":24,"column":6},"end":{"line":24,"column":43}},{"start":{"line":24,"column":47},"end":{"line":24,"column":75}}],"line":24},"3":{"loc":{"start":{"line":31,"column":4},"end":{"line":36,"column":5}},"type":"if","locations":[{"start":{"line":31,"column":4},"end":{"line":36,"column":5}},{"start":{"line":31,"column":4},"end":{"line":36,"column":5}}],"line":31},"4":{"loc":{"start":{"line":41,"column":6},"end":{"line":47,"column":7}},"type":"if","locations":[{"start":{"line":41,"column":6},"end":{"line":47,"column":7}},{"start":{"line":41,"column":6},"end":{"line":47,"column":7}}],"line":41},"5":{"loc":{"start":{"line":59,"column":8},"end":{"line":76,"column":9}},"type":"if","locations":[{"start":{"line":59,"column":8},"end":{"line":76,"column":9}},{"start":{"line":59,"column":8},"end":{"line":76,"column":9}}],"line":59},"6":{"loc":{"start":{"line":61,"column":12},"end":{"line":74,"column":13}},"type":"if","locations":[{"start":{"line":61,"column":12},"end":{"line":74,"column":13}},{"start":{"line":61,"column":12},"end":{"line":74,"column":13}}],"line":61},"7":{"loc":{"start":{"line":62,"column":14},"end":{"line":73,"column":15}},"type":"if","locations":[{"start":{"line":62,"column":14},"end":{"line":73,"column":15}},{"start":{"line":62,"column":14},"end":{"line":73,"column":15}}],"line":62},"8":{"loc":{"start":{"line":89,"column":6},"end":{"line":103,"column":7}},"type":"if","locations":[{"start":{"line":89,"column":6},"end":{"line":103,"column":7}},{"start":{"line":89,"column":6},"end":{"line":103,"column":7}}],"line":89},"9":{"loc":{"start":{"line":90,"column":8},"end":{"line":92,"column":74}},"type":"binary-expr","locations":[{"start":{"line":90,"column":8},"end":{"line":90,"column":31}},{"start":{"line":92,"column":8},"end":{"line":92,"column":74}}],"line":90},"10":{"loc":{"start":{"line":113,"column":2},"end":{"line":117,"column":3}},"type":"if","locations":[{"start":{"line":113,"column":2},"end":{"line":117,"column":3}},{"start":{"line":113,"column":2},"end":{"line":117,"column":3}}],"line":113}},"s":{"0":0,"1":0,"2":0,"3":0,"4":0,"5":0,"6":0,"7":0,"8":0,"9":0,"10":0,"11":0,"12":0,"13":0,"14":0,"15":0,"16":0,"17":0,"18":0,"19":0,"20":0,"21":0,"22":0,"23":0,"24":0,"25":0,"26":0,"27":0,"28":0,"29":0},"f":{"0":0,"1":0,"2":0,"3":0,"4":0,"5":0,"6":0,"7":0,"8":0,"9":0,"10":0,"11":0,"12":0,"13":0},"b":{"0":[0,0,0],"1":[0,0],"2":[0,0],"3":[0,0],"4":[0,0],"5":[0,0],"6":[0,0],"7":[0,0],"8":[0,0],"9":[0,0],"10":[0,0]},"all":true},"/home/guan/Desktop/studies/spring_2021/dti/office-hours/src/components/types/fireData.d.ts":{"path":"/home/guan/Desktop/studies/spring_2021/dti/office-hours/src/components/types/fireData.d.ts","statementMap":{},"fnMap":{},"branchMap":{},"s":{},"f":{},"b":{},"all":true},"/home/guan/Desktop/studies/spring_2021/dti/office-hours/src/constants.ts":{"path":"/home/guan/Desktop/studies/spring_2021/dti/office-hours/src/constants.ts","statementMap":{"0":{"start":{"line":1,"column":32},"end":{"line":1,"column":38}},"1":{"start":{"line":3,"column":26},"end":{"line":3,"column":38}},"2":{"start":{"line":4,"column":24},"end":{"line":4,"column":36}}},"fnMap":{},"branchMap":{},"s":{"0":0,"1":0,"2":0},"f":{},"b":{},"all":true},"/home/guan/Desktop/studies/spring_2021/dti/office-hours/src/firebase.ts":{"path":"/home/guan/Desktop/studies/spring_2021/dti/office-hours/src/firebase.ts","statementMap":{"0":{"start":{"line":22,"column":0},"end":{"line":42,"column":1}},"1":{"start":{"line":23,"column":4},"end":{"line":32,"column":6}},"2":{"start":{"line":34,"column":4},"end":{"line":41,"column":6}},"3":{"start":{"line":43,"column":23},"end":{"line":43,"column":41}},"4":{"start":{"line":45,"column":12},"end":{"line":45,"column":50}},"5":{"start":{"line":47,"column":16},"end":{"line":47,"column":39}},"6":{"start":{"line":49,"column":11},"end":{"line":49,"column":29}},"7":{"start":{"line":50,"column":16},"end":{"line":50,"column":60}},"8":{"start":{"line":50,"column":52},"end":{"line":50,"column":58}},"9":{"start":{"line":52,"column":18},"end":{"line":52,"column":46}},"10":{"start":{"line":54,"column":0},"end":{"line":63,"column":1}},"11":{"start":{"line":59,"column":4},"end":{"line":59,"column":40}}},"fnMap":{"0":{"name":"(anonymous_0)","decl":{"start":{"line":50,"column":44},"end":{"line":50,"column":45}},"loc":{"start":{"line":50,"column":52},"end":{"line":50,"column":58}},"line":50}},"branchMap":{"0":{"loc":{"start":{"line":22,"column":0},"end":{"line":42,"column":1}},"type":"if","locations":[{"start":{"line":22,"column":0},"end":{"line":42,"column":1}},{"start":{"line":22,"column":0},"end":{"line":42,"column":1}}],"line":22},"1":{"loc":{"start":{"line":22,"column":4},"end":{"line":22,"column":88}},"type":"binary-expr","locations":[{"start":{"line":22,"column":4},"end":{"line":22,"column":41}},{"start":{"line":22,"column":45},"end":{"line":22,"column":88}}],"line":22},"2":{"loc":{"start":{"line":54,"column":0},"end":{"line":63,"column":1}},"type":"if","locations":[{"start":{"line":54,"column":0},"end":{"line":63,"column":1}},{"start":{"line":54,"column":0},"end":{"line":63,"column":1}}],"line":54}},"s":{"0":0,"1":0,"2":0,"3":0,"4":0,"5":0,"6":0,"7":0,"8":0,"9":0,"10":0,"11":0},"f":{"0":0},"b":{"0":[0,0],"1":[0,0],"2":[0,0]},"all":true},"/home/guan/Desktop/studies/spring_2021/dti/office-hours/src/firebasefunctions/blogPost.ts":{"path":"/home/guan/Desktop/studies/spring_2021/dti/office-hours/src/firebasefunctions/blogPost.ts","statementMap":{"0":{"start":{"line":3,"column":18},"end":{"line":3,"column":38}},"1":{"start":{"line":5,"column":27},"end":{"line":25,"column":1}},"2":{"start":{"line":10,"column":4},"end":{"line":24,"column":5}},"3":{"start":{"line":11,"column":23},"end":{"line":11,"column":65}},"4":{"start":{"line":12,"column":51},"end":{"line":17,"column":9}},"5":{"start":{"line":19,"column":22},"end":{"line":19,"column":39}},"6":{"start":{"line":20,"column":8},"end":{"line":20,"column":75}},"7":{"start":{"line":21,"column":8},"end":{"line":21,"column":23}},"8":{"start":{"line":23,"column":8},"end":{"line":23,"column":20}},"9":{"start":{"line":24,"column":6},"end":{"line":24,"column":19}},"10":{"start":{"line":27,"column":28},"end":{"line":39,"column":1}},"11":{"start":{"line":28,"column":4},"end":{"line":38,"column":5}},"12":{"start":{"line":29,"column":56},"end":{"line":29,"column":64}},"13":{"start":{"line":30,"column":51},"end":{"line":35,"column":9}},"14":{"start":{"line":36,"column":24},"end":{"line":36,"column":69}},"15":{"start":{"line":37,"column":8},"end":{"line":37,"column":40}},"16":{"start":{"line":41,"column":30},"end":{"line":49,"column":1}},"17":{"start":{"line":45,"column":4},"end":{"line":48,"column":5}},"18":{"start":{"line":46,"column":24},"end":{"line":46,"column":69}},"19":{"start":{"line":47,"column":8},"end":{"line":47,"column":25}}},"fnMap":{"0":{"name":"(anonymous_0)","decl":{"start":{"line":5,"column":27},"end":{"line":5,"column":28}},"loc":{"start":{"line":9,"column":14},"end":{"line":25,"column":1}},"line":9},"1":{"name":"(anonymous_1)","decl":{"start":{"line":27,"column":28},"end":{"line":27,"column":29}},"loc":{"start":{"line":27,"column":80},"end":{"line":39,"column":1}},"line":27},"2":{"name":"(anonymous_2)","decl":{"start":{"line":41,"column":30},"end":{"line":41,"column":31}},"loc":{"start":{"line":44,"column":5},"end":{"line":49,"column":1}},"line":44}},"branchMap":{"0":{"loc":{"start":{"line":10,"column":4},"end":{"line":24,"column":5}},"type":"if","locations":[{"start":{"line":10,"column":4},"end":{"line":24,"column":5}},{"start":{"line":10,"column":4},"end":{"line":24,"column":5}}],"line":10},"1":{"loc":{"start":{"line":28,"column":4},"end":{"line":38,"column":5}},"type":"if","locations":[{"start":{"line":28,"column":4},"end":{"line":38,"column":5}},{"start":{"line":28,"column":4},"end":{"line":38,"column":5}}],"line":28},"2":{"loc":{"start":{"line":45,"column":4},"end":{"line":48,"column":5}},"type":"if","locations":[{"start":{"line":45,"column":4},"end":{"line":48,"column":5}},{"start":{"line":45,"column":4},"end":{"line":48,"column":5}}],"line":45}},"s":{"0":0,"1":0,"2":0,"3":0,"4":0,"5":0,"6":0,"7":0,"8":0,"9":0,"10":0,"11":0,"12":0,"13":0,"14":0,"15":0,"16":0,"17":0,"18":0,"19":0},"f":{"0":0,"1":0,"2":0},"b":{"0":[0,0],"1":[0,0],"2":[0,0]},"all":true},"/home/guan/Desktop/studies/spring_2021/dti/office-hours/src/firebasefunctions/calendar.ts":{"path":"/home/guan/Desktop/studies/spring_2021/dti/office-hours/src/firebasefunctions/calendar.ts","statementMap":{"0":{"start":{"line":3,"column":24},"end":{"line":3,"column":112}},"1":{"start":{"line":3,"column":46},"end":{"line":3,"column":112}}},"fnMap":{"0":{"name":"(anonymous_0)","decl":{"start":{"line":3,"column":24},"end":{"line":3,"column":25}},"loc":{"start":{"line":3,"column":46},"end":{"line":3,"column":112}},"line":3}},"branchMap":{},"s":{"0":0,"1":0},"f":{"0":0},"b":{},"all":true},"/home/guan/Desktop/studies/spring_2021/dti/office-hours/src/firebasefunctions/courses.ts":{"path":"/home/guan/Desktop/studies/spring_2021/dti/office-hours/src/firebasefunctions/courses.ts","statementMap":{"0":{"start":{"line":3,"column":29},"end":{"line":8,"column":1}},"1":{"start":{"line":7,"column":4},"end":{"line":7,"column":71}}},"fnMap":{"0":{"name":"(anonymous_0)","decl":{"start":{"line":3,"column":29},"end":{"line":3,"column":30}},"loc":{"start":{"line":6,"column":20},"end":{"line":8,"column":1}},"line":6}},"branchMap":{},"s":{"0":0,"1":0},"f":{"0":0},"b":{},"all":true},"/home/guan/Desktop/studies/spring_2021/dti/office-hours/src/firebasefunctions/courseSettings.ts":{"path":"/home/guan/Desktop/studies/spring_2021/dti/office-hours/src/firebasefunctions/courseSettings.ts","statementMap":{"0":{"start":{"line":4,"column":38},"end":{"line":6,"column":1}},"1":{"start":{"line":5,"column":4},"end":{"line":5,"column":71}}},"fnMap":{"0":{"name":"(anonymous_0)","decl":{"start":{"line":4,"column":38},"end":{"line":4,"column":39}},"loc":{"start":{"line":4,"column":95},"end":{"line":6,"column":1}},"line":4}},"branchMap":{},"s":{"0":0,"1":0},"f":{"0":0},"b":{},"all":true},"/home/guan/Desktop/studies/spring_2021/dti/office-hours/src/firebasefunctions/importProfessorsOrTAs.ts":{"path":"/home/guan/Desktop/studies/spring_2021/dti/office-hours/src/firebasefunctions/importProfessorsOrTAs.ts","statementMap":{"0":{"start":{"line":4,"column":11},"end":{"line":4,"column":20}},"1":{"start":{"line":6,"column":26},"end":{"line":22,"column":1}},"2":{"start":{"line":11,"column":20},"end":{"line":11,"column":37}},"3":{"start":{"line":12,"column":4},"end":{"line":14,"column":5}},"4":{"start":{"line":13,"column":8},"end":{"line":13,"column":31}},"5":{"start":{"line":15,"column":18},"end":{"line":15,"column":35}},"6":{"start":{"line":16,"column":4},"end":{"line":20,"column":5}},"7":{"start":{"line":17,"column":8},"end":{"line":17,"column":31}},"8":{"start":{"line":19,"column":8},"end":{"line":19,"column":31}},"9":{"start":{"line":21,"column":4},"end":{"line":21,"column":30}},"10":{"start":{"line":24,"column":28},"end":{"line":31,"column":2}},"11":{"start":{"line":28,"column":27},"end":{"line":31,"column":1}},"12":{"start":{"line":33,"column":29},"end":{"line":48,"column":1}},"13":{"start":{"line":37,"column":23},"end":{"line":41,"column":5}},"14":{"start":{"line":39,"column":12},"end":{"line":39,"column":90}},"15":{"start":{"line":42,"column":16},"end":{"line":46,"column":5}},"16":{"start":{"line":44,"column":12},"end":{"line":44,"column":76}},"17":{"start":{"line":47,"column":4},"end":{"line":47,"column":31}},"18":{"start":{"line":50,"column":30},"end":{"line":123,"column":1}},"19":{"start":{"line":55,"column":23},"end":{"line":55,"column":54}},"20":{"start":{"line":56,"column":18},"end":{"line":56,"column":28}},"21":{"start":{"line":57,"column":37},"end":{"line":57,"column":39}},"22":{"start":{"line":59,"column":24},"end":{"line":59,"column":54}},"23":{"start":{"line":61,"column":4},"end":{"line":121,"column":7}},"24":{"start":{"line":62,"column":8},"end":{"line":77,"column":11}},"25":{"start":{"line":65,"column":90},"end":{"line":65,"column":92}},"26":{"start":{"line":67,"column":12},"end":{"line":74,"column":15}},"27":{"start":{"line":68,"column":37},"end":{"line":68,"column":92}},"28":{"start":{"line":69,"column":35},"end":{"line":69,"column":89}},"29":{"start":{"line":70,"column":16},"end":{"line":73,"column":18}},"30":{"start":{"line":76,"column":12},"end":{"line":76,"column":36}},"31":{"start":{"line":80,"column":80},"end":{"line":80,"column":82}},"32":{"start":{"line":82,"column":8},"end":{"line":92,"column":11}},"33":{"start":{"line":83,"column":12},"end":{"line":90,"column":14}},"34":{"start":{"line":84,"column":34},"end":{"line":84,"column":38}},"35":{"start":{"line":85,"column":16},"end":{"line":85,"column":40}},"36":{"start":{"line":86,"column":16},"end":{"line":86,"column":41}},"37":{"start":{"line":87,"column":16},"end":{"line":87,"column":54}},"38":{"start":{"line":89,"column":16},"end":{"line":89,"column":82}},"39":{"start":{"line":95,"column":8},"end":{"line":106,"column":10}},"40":{"start":{"line":96,"column":36},"end":{"line":96,"column":76}},"41":{"start":{"line":98,"column":12},"end":{"line":105,"column":19}},"42":{"start":{"line":100,"column":20},"end":{"line":104,"column":21}},"43":{"start":{"line":101,"column":24},"end":{"line":101,"column":87}},"44":{"start":{"line":103,"column":24},"end":{"line":103,"column":91}},"45":{"start":{"line":109,"column":8},"end":{"line":115,"column":9}},"46":{"start":{"line":113,"column":45},"end":{"line":113,"column":73}},"47":{"start":{"line":118,"column":8},"end":{"line":118,"column":23}},"48":{"start":{"line":120,"column":8},"end":{"line":120,"column":44}},"49":{"start":{"line":125,"column":34},"end":{"line":134,"column":1}},"50":{"start":{"line":130,"column":4},"end":{"line":132,"column":5}},"51":{"start":{"line":131,"column":8},"end":{"line":131,"column":82}},"52":{"start":{"line":133,"column":4},"end":{"line":133,"column":52}},"53":{"start":{"line":133,"column":37},"end":{"line":133,"column":50}},"54":{"start":{"line":136,"column":26},"end":{"line":151,"column":1}},"55":{"start":{"line":141,"column":18},"end":{"line":141,"column":28}},"56":{"start":{"line":142,"column":4},"end":{"line":145,"column":6}},"57":{"start":{"line":146,"column":4},"end":{"line":149,"column":6}},"58":{"start":{"line":150,"column":4},"end":{"line":150,"column":19}},"59":{"start":{"line":153,"column":47},"end":{"line":168,"column":1}},"60":{"start":{"line":158,"column":21},"end":{"line":160,"column":5}},"61":{"start":{"line":161,"column":4},"end":{"line":167,"column":5}},"62":{"start":{"line":162,"column":8},"end":{"line":166,"column":10}},"63":{"start":{"line":165,"column":47},"end":{"line":165,"column":59}},"64":{"start":{"line":170,"column":44},"end":{"line":181,"column":1}},"65":{"start":{"line":176,"column":4},"end":{"line":180,"column":6}}},"fnMap":{"0":{"name":"(anonymous_0)","decl":{"start":{"line":6,"column":26},"end":{"line":6,"column":27}},"loc":{"start":{"line":10,"column":24},"end":{"line":22,"column":1}},"line":10},"1":{"name":"(anonymous_1)","decl":{"start":{"line":24,"column":28},"end":{"line":24,"column":29}},"loc":{"start":{"line":28,"column":27},"end":{"line":31,"column":1}},"line":28},"2":{"name":"(anonymous_2)","decl":{"start":{"line":33,"column":29},"end":{"line":33,"column":30}},"loc":{"start":{"line":36,"column":26},"end":{"line":48,"column":1}},"line":36},"3":{"name":"(anonymous_3)","decl":{"start":{"line":38,"column":8},"end":{"line":38,"column":9}},"loc":{"start":{"line":39,"column":12},"end":{"line":39,"column":90}},"line":39},"4":{"name":"(anonymous_4)","decl":{"start":{"line":43,"column":8},"end":{"line":43,"column":9}},"loc":{"start":{"line":44,"column":12},"end":{"line":44,"column":76}},"line":44},"5":{"name":"(anonymous_5)","decl":{"start":{"line":50,"column":30},"end":{"line":50,"column":31}},"loc":{"start":{"line":54,"column":69},"end":{"line":123,"column":1}},"line":54},"6":{"name":"(anonymous_6)","decl":{"start":{"line":61,"column":39},"end":{"line":61,"column":40}},"loc":{"start":{"line":61,"column":52},"end":{"line":79,"column":5}},"line":61},"7":{"name":"(anonymous_7)","decl":{"start":{"line":62,"column":81},"end":{"line":62,"column":82}},"loc":{"start":{"line":62,"column":100},"end":{"line":77,"column":9}},"line":62},"8":{"name":"(anonymous_8)","decl":{"start":{"line":67,"column":36},"end":{"line":67,"column":37}},"loc":{"start":{"line":67,"column":50},"end":{"line":74,"column":13}},"line":67},"9":{"name":"(anonymous_9)","decl":{"start":{"line":79,"column":13},"end":{"line":79,"column":14}},"loc":{"start":{"line":79,"column":30},"end":{"line":119,"column":5}},"line":79},"10":{"name":"(anonymous_10)","decl":{"start":{"line":82,"column":30},"end":{"line":82,"column":31}},"loc":{"start":{"line":82,"column":45},"end":{"line":92,"column":9}},"line":82},"11":{"name":"(anonymous_11)","decl":{"start":{"line":83,"column":32},"end":{"line":83,"column":33}},"loc":{"start":{"line":83,"column":58},"end":{"line":90,"column":13}},"line":83},"12":{"name":"(anonymous_12)","decl":{"start":{"line":95,"column":27},"end":{"line":95,"column":28}},"loc":{"start":{"line":95,"column":36},"end":{"line":106,"column":9}},"line":95},"13":{"name":"(anonymous_13)","decl":{"start":{"line":99,"column":22},"end":{"line":99,"column":23}},"loc":{"start":{"line":99,"column":39},"end":{"line":105,"column":17}},"line":99},"14":{"name":"(anonymous_14)","decl":{"start":{"line":113,"column":31},"end":{"line":113,"column":32}},"loc":{"start":{"line":113,"column":45},"end":{"line":113,"column":73}},"line":113},"15":{"name":"(anonymous_15)","decl":{"start":{"line":119,"column":12},"end":{"line":119,"column":13}},"loc":{"start":{"line":119,"column":18},"end":{"line":121,"column":5}},"line":119},"16":{"name":"(anonymous_16)","decl":{"start":{"line":125,"column":34},"end":{"line":125,"column":35}},"loc":{"start":{"line":129,"column":24},"end":{"line":134,"column":1}},"line":129},"17":{"name":"(anonymous_17)","decl":{"start":{"line":133,"column":29},"end":{"line":133,"column":30}},"loc":{"start":{"line":133,"column":37},"end":{"line":133,"column":50}},"line":133},"18":{"name":"(anonymous_18)","decl":{"start":{"line":136,"column":26},"end":{"line":136,"column":27}},"loc":{"start":{"line":140,"column":11},"end":{"line":151,"column":1}},"line":140},"19":{"name":"(anonymous_19)","decl":{"start":{"line":153,"column":47},"end":{"line":153,"column":48}},"loc":{"start":{"line":156,"column":11},"end":{"line":168,"column":1}},"line":156},"20":{"name":"(anonymous_20)","decl":{"start":{"line":165,"column":36},"end":{"line":165,"column":37}},"loc":{"start":{"line":165,"column":47},"end":{"line":165,"column":59}},"line":165},"21":{"name":"(anonymous_21)","decl":{"start":{"line":170,"column":44},"end":{"line":170,"column":45}},"loc":{"start":{"line":174,"column":81},"end":{"line":181,"column":1}},"line":174}},"branchMap":{"0":{"loc":{"start":{"line":12,"column":4},"end":{"line":14,"column":5}},"type":"if","locations":[{"start":{"line":12,"column":4},"end":{"line":14,"column":5}},{"start":{"line":12,"column":4},"end":{"line":14,"column":5}}],"line":12},"1":{"loc":{"start":{"line":16,"column":4},"end":{"line":20,"column":5}},"type":"if","locations":[{"start":{"line":16,"column":4},"end":{"line":20,"column":5}},{"start":{"line":16,"column":4},"end":{"line":20,"column":5}}],"line":16},"2":{"loc":{"start":{"line":100,"column":20},"end":{"line":104,"column":21}},"type":"if","locations":[{"start":{"line":100,"column":20},"end":{"line":104,"column":21}},{"start":{"line":100,"column":20},"end":{"line":104,"column":21}}],"line":100},"3":{"loc":{"start":{"line":130,"column":4},"end":{"line":132,"column":5}},"type":"if","locations":[{"start":{"line":130,"column":4},"end":{"line":132,"column":5}},{"start":{"line":130,"column":4},"end":{"line":132,"column":5}}],"line":130},"4":{"loc":{"start":{"line":131,"column":15},"end":{"line":131,"column":81}},"type":"cond-expr","locations":[{"start":{"line":131,"column":45},"end":{"line":131,"column":55}},{"start":{"line":131,"column":58},"end":{"line":131,"column":81}}],"line":131},"5":{"loc":{"start":{"line":159,"column":50},"end":{"line":159,"column":84}},"type":"cond-expr","locations":[{"start":{"line":159,"column":73},"end":{"line":159,"column":77}},{"start":{"line":159,"column":80},"end":{"line":159,"column":84}}],"line":159},"6":{"loc":{"start":{"line":161,"column":4},"end":{"line":167,"column":5}},"type":"if","locations":[{"start":{"line":161,"column":4},"end":{"line":167,"column":5}},{"start":{"line":161,"column":4},"end":{"line":167,"column":5}}],"line":161}},"s":{"0":0,"1":0,"2":0,"3":0,"4":0,"5":0,"6":0,"7":0,"8":0,"9":0,"10":0,"11":0,"12":0,"13":0,"14":0,"15":0,"16":0,"17":0,"18":0,"19":0,"20":0,"21":0,"22":0,"23":0,"24":0,"25":0,"26":0,"27":0,"28":0,"29":0,"30":0,"31":0,"32":0,"33":0,"34":0,"35":0,"36":0,"37":0,"38":0,"39":0,"40":0,"41":0,"42":0,"43":0,"44":0,"45":0,"46":0,"47":0,"48":0,"49":0,"50":0,"51":0,"52":0,"53":0,"54":0,"55":0,"56":0,"57":0,"58":0,"59":0,"60":0,"61":0,"62":0,"63":0,"64":0,"65":0},"f":{"0":0,"1":0,"2":0,"3":0,"4":0,"5":0,"6":0,"7":0,"8":0,"9":0,"10":0,"11":0,"12":0,"13":0,"14":0,"15":0,"16":0,"17":0,"18":0,"19":0,"20":0,"21":0},"b":{"0":[0,0],"1":[0,0],"2":[0,0],"3":[0,0],"4":[0,0],"5":[0,0],"6":[0,0]},"all":true},"/home/guan/Desktop/studies/spring_2021/dti/office-hours/src/firebasefunctions/series.ts":{"path":"/home/guan/Desktop/studies/spring_2021/dti/office-hours/src/firebasefunctions/series.ts","statementMap":{"0":{"start":{"line":6,"column":18},"end":{"line":6,"column":36}},"1":{"start":{"line":8,"column":28},"end":{"line":98,"column":1}},"2":{"start":{"line":12,"column":22},"end":{"line":12,"column":86}},"3":{"start":{"line":13,"column":23},"end":{"line":13,"column":53}},"4":{"start":{"line":15,"column":28},"end":{"line":15,"column":62}},"5":{"start":{"line":17,"column":22},"end":{"line":17,"column":85}},"6":{"start":{"line":18,"column":20},"end":{"line":18,"column":81}},"7":{"start":{"line":19,"column":21},"end":{"line":19,"column":44}},"8":{"start":{"line":21,"column":28},"end":{"line":21,"column":88}},"9":{"start":{"line":22,"column":26},"end":{"line":22,"column":84}},"10":{"start":{"line":24,"column":23},"end":{"line":24,"column":61}},"11":{"start":{"line":26,"column":16},"end":{"line":26,"column":24}},"12":{"start":{"line":28,"column":18},"end":{"line":28,"column":28}},"13":{"start":{"line":30,"column":4},"end":{"line":96,"column":6}},"14":{"start":{"line":32,"column":27},"end":{"line":32,"column":90}},"15":{"start":{"line":33,"column":8},"end":{"line":35,"column":9}},"16":{"start":{"line":34,"column":12},"end":{"line":34,"column":19}},"17":{"start":{"line":37,"column":27},"end":{"line":37,"column":47}},"18":{"start":{"line":38,"column":8},"end":{"line":38,"column":33}},"19":{"start":{"line":41,"column":8},"end":{"line":95,"column":9}},"20":{"start":{"line":42,"column":74},"end":{"line":55,"column":13}},"21":{"start":{"line":57,"column":12},"end":{"line":57,"column":71}},"22":{"start":{"line":58,"column":15},"end":{"line":95,"column":9}},"23":{"start":{"line":59,"column":73},"end":{"line":73,"column":13}},"24":{"start":{"line":75,"column":12},"end":{"line":75,"column":71}},"25":{"start":{"line":77,"column":95},"end":{"line":92,"column":13}},"26":{"start":{"line":94,"column":12},"end":{"line":94,"column":71}},"27":{"start":{"line":97,"column":4},"end":{"line":97,"column":25}},"28":{"start":{"line":100,"column":28},"end":{"line":188,"column":1}},"29":{"start":{"line":105,"column":30},"end":{"line":105,"column":93}},"30":{"start":{"line":106,"column":28},"end":{"line":106,"column":89}},"31":{"start":{"line":108,"column":26},"end":{"line":111,"column":14}},"32":{"start":{"line":112,"column":18},"end":{"line":112,"column":28}},"33":{"start":{"line":113,"column":4},"end":{"line":186,"column":7}},"34":{"start":{"line":114,"column":26},"end":{"line":114,"column":44}},"35":{"start":{"line":115,"column":27},"end":{"line":115,"column":83}},"36":{"start":{"line":120,"column":29},"end":{"line":120,"column":89}},"37":{"start":{"line":121,"column":8},"end":{"line":121,"column":51}},"38":{"start":{"line":123,"column":27},"end":{"line":123,"column":85}},"39":{"start":{"line":124,"column":8},"end":{"line":124,"column":47}},"40":{"start":{"line":126,"column":26},"end":{"line":128,"column":9}},"41":{"start":{"line":129,"column":24},"end":{"line":131,"column":9}},"42":{"start":{"line":133,"column":8},"end":{"line":184,"column":9}},"43":{"start":{"line":134,"column":70},"end":{"line":147,"column":13}},"44":{"start":{"line":148,"column":12},"end":{"line":148,"column":76}},"45":{"start":{"line":149,"column":15},"end":{"line":184,"column":9}},"46":{"start":{"line":150,"column":69},"end":{"line":164,"column":13}},"47":{"start":{"line":165,"column":12},"end":{"line":165,"column":76}},"48":{"start":{"line":167,"column":91},"end":{"line":182,"column":13}},"49":{"start":{"line":183,"column":12},"end":{"line":183,"column":76}},"50":{"start":{"line":187,"column":4},"end":{"line":187,"column":25}},"51":{"start":{"line":190,"column":28},"end":{"line":197,"column":1}},"52":{"start":{"line":191,"column":26},"end":{"line":191,"column":111}},"53":{"start":{"line":192,"column":18},"end":{"line":192,"column":28}},"54":{"start":{"line":193,"column":4},"end":{"line":195,"column":6}},"55":{"start":{"line":194,"column":8},"end":{"line":194,"column":64}},"56":{"start":{"line":196,"column":4},"end":{"line":196,"column":25}}},"fnMap":{"0":{"name":"(anonymous_0)","decl":{"start":{"line":8,"column":28},"end":{"line":8,"column":29}},"loc":{"start":{"line":11,"column":20},"end":{"line":98,"column":1}},"line":11},"1":{"name":"(anonymous_1)","decl":{"start":{"line":30,"column":23},"end":{"line":30,"column":24}},"loc":{"start":{"line":30,"column":41},"end":{"line":96,"column":5}},"line":30},"2":{"name":"(anonymous_2)","decl":{"start":{"line":100,"column":28},"end":{"line":100,"column":29}},"loc":{"start":{"line":104,"column":20},"end":{"line":188,"column":1}},"line":104},"3":{"name":"(anonymous_3)","decl":{"start":{"line":113,"column":26},"end":{"line":113,"column":27}},"loc":{"start":{"line":113,"column":47},"end":{"line":186,"column":5}},"line":113},"4":{"name":"(anonymous_4)","decl":{"start":{"line":190,"column":28},"end":{"line":190,"column":29}},"loc":{"start":{"line":190,"column":112},"end":{"line":197,"column":1}},"line":190},"5":{"name":"(anonymous_5)","decl":{"start":{"line":193,"column":31},"end":{"line":193,"column":32}},"loc":{"start":{"line":194,"column":8},"end":{"line":194,"column":64}},"line":194}},"branchMap":{"0":{"loc":{"start":{"line":33,"column":8},"end":{"line":35,"column":9}},"type":"if","locations":[{"start":{"line":33,"column":8},"end":{"line":35,"column":9}},{"start":{"line":33,"column":8},"end":{"line":35,"column":9}}],"line":33},"1":{"loc":{"start":{"line":33,"column":12},"end":{"line":33,"column":64}},"type":"binary-expr","locations":[{"start":{"line":33,"column":12},"end":{"line":33,"column":22}},{"start":{"line":33,"column":26},"end":{"line":33,"column":64}}],"line":33},"2":{"loc":{"start":{"line":41,"column":8},"end":{"line":95,"column":9}},"type":"if","locations":[{"start":{"line":41,"column":8},"end":{"line":95,"column":9}},{"start":{"line":41,"column":8},"end":{"line":95,"column":9}}],"line":41},"3":{"loc":{"start":{"line":58,"column":15},"end":{"line":95,"column":9}},"type":"if","locations":[{"start":{"line":58,"column":15},"end":{"line":95,"column":9}},{"start":{"line":58,"column":15},"end":{"line":95,"column":9}}],"line":58},"4":{"loc":{"start":{"line":133,"column":8},"end":{"line":184,"column":9}},"type":"if","locations":[{"start":{"line":133,"column":8},"end":{"line":184,"column":9}},{"start":{"line":133,"column":8},"end":{"line":184,"column":9}}],"line":133},"5":{"loc":{"start":{"line":149,"column":15},"end":{"line":184,"column":9}},"type":"if","locations":[{"start":{"line":149,"column":15},"end":{"line":184,"column":9}},{"start":{"line":149,"column":15},"end":{"line":184,"column":9}}],"line":149}},"s":{"0":0,"1":0,"2":0,"3":0,"4":0,"5":0,"6":0,"7":0,"8":0,"9":0,"10":0,"11":0,"12":0,"13":0,"14":0,"15":0,"16":0,"17":0,"18":0,"19":0,"20":0,"21":0,"22":0,"23":0,"24":0,"25":0,"26":0,"27":0,"28":0,"29":0,"30":0,"31":0,"32":0,"33":0,"34":0,"35":0,"36":0,"37":0,"38":0,"39":0,"40":0,"41":0,"42":0,"43":0,"44":0,"45":0,"46":0,"47":0,"48":0,"49":0,"50":0,"51":0,"52":0,"53":0,"54":0,"55":0,"56":0},"f":{"0":0,"1":0,"2":0,"3":0,"4":0,"5":0},"b":{"0":[0,0],"1":[0,0],"2":[0,0],"3":[0,0],"4":[0,0],"5":[0,0]},"all":true},"/home/guan/Desktop/studies/spring_2021/dti/office-hours/src/firebasefunctions/session.ts":{"path":"/home/guan/Desktop/studies/spring_2021/dti/office-hours/src/firebasefunctions/session.ts","statementMap":{"0":{"start":{"line":3,"column":26},"end":{"line":5,"column":1}},"1":{"start":{"line":4,"column":4},"end":{"line":4,"column":72}},"2":{"start":{"line":7,"column":29},"end":{"line":9,"column":1}},"3":{"start":{"line":8,"column":4},"end":{"line":8,"column":89}},"4":{"start":{"line":11,"column":29},"end":{"line":13,"column":1}},"5":{"start":{"line":12,"column":4},"end":{"line":12,"column":61}},"6":{"start":{"line":15,"column":36},"end":{"line":23,"column":1}},"7":{"start":{"line":16,"column":18},"end":{"line":16,"column":35}},"8":{"start":{"line":17,"column":4},"end":{"line":17,"column":74}},"9":{"start":{"line":17,"column":32},"end":{"line":17,"column":72}},"10":{"start":{"line":17,"column":58},"end":{"line":17,"column":71}},"11":{"start":{"line":18,"column":26},"end":{"line":18,"column":117}},"12":{"start":{"line":18,"column":72},"end":{"line":18,"column":115}},"13":{"start":{"line":19,"column":4},"end":{"line":22,"column":8}},"14":{"start":{"line":19,"column":42},"end":{"line":22,"column":5}}},"fnMap":{"0":{"name":"(anonymous_0)","decl":{"start":{"line":3,"column":26},"end":{"line":3,"column":27}},"loc":{"start":{"line":3,"column":71},"end":{"line":5,"column":1}},"line":3},"1":{"name":"(anonymous_1)","decl":{"start":{"line":4,"column":62},"end":{"line":4,"column":63}},"loc":{"start":{"line":4,"column":68},"end":{"line":4,"column":70}},"line":4},"2":{"name":"(anonymous_2)","decl":{"start":{"line":7,"column":29},"end":{"line":7,"column":30}},"loc":{"start":{"line":7,"column":102},"end":{"line":9,"column":1}},"line":7},"3":{"name":"(anonymous_3)","decl":{"start":{"line":11,"column":29},"end":{"line":11,"column":30}},"loc":{"start":{"line":11,"column":52},"end":{"line":13,"column":1}},"line":11},"4":{"name":"(anonymous_4)","decl":{"start":{"line":15,"column":36},"end":{"line":15,"column":37}},"loc":{"start":{"line":15,"column":92},"end":{"line":23,"column":1}},"line":15},"5":{"name":"(anonymous_5)","decl":{"start":{"line":17,"column":21},"end":{"line":17,"column":22}},"loc":{"start":{"line":17,"column":32},"end":{"line":17,"column":72}},"line":17},"6":{"name":"(anonymous_6)","decl":{"start":{"line":17,"column":52},"end":{"line":17,"column":53}},"loc":{"start":{"line":17,"column":58},"end":{"line":17,"column":71}},"line":17},"7":{"name":"(anonymous_7)","decl":{"start":{"line":18,"column":66},"end":{"line":18,"column":67}},"loc":{"start":{"line":18,"column":72},"end":{"line":18,"column":115}},"line":18},"8":{"name":"(anonymous_8)","decl":{"start":{"line":19,"column":29},"end":{"line":19,"column":30}},"loc":{"start":{"line":19,"column":42},"end":{"line":22,"column":5}},"line":19}},"branchMap":{},"s":{"0":0,"1":0,"2":0,"3":0,"4":0,"5":0,"6":0,"7":0,"8":0,"9":0,"10":0,"11":0,"12":0,"13":0,"14":0},"f":{"0":0,"1":0,"2":0,"3":0,"4":0,"5":0,"6":0,"7":0,"8":0},"b":{},"all":true},"/home/guan/Desktop/studies/spring_2021/dti/office-hours/src/firebasefunctions/sessionQuestion.ts":{"path":"/home/guan/Desktop/studies/spring_2021/dti/office-hours/src/firebasefunctions/sessionQuestion.ts","statementMap":{"0":{"start":{"line":3,"column":37},"end":{"line":13,"column":1}},"1":{"start":{"line":8,"column":4},"end":{"line":12,"column":22}},"2":{"start":{"line":15,"column":27},"end":{"line":55,"column":1}},"3":{"start":{"line":24,"column":4},"end":{"line":52,"column":5}},"4":{"start":{"line":26,"column":22},"end":{"line":26,"column":32}},"5":{"start":{"line":27,"column":27},"end":{"line":27,"column":62}},"6":{"start":{"line":28,"column":70},"end":{"line":33,"column":9}},"7":{"start":{"line":35,"column":30},"end":{"line":35,"column":71}},"8":{"start":{"line":36,"column":29},"end":{"line":36,"column":94}},"9":{"start":{"line":38,"column":64},"end":{"line":46,"column":9}},"10":{"start":{"line":47,"column":8},"end":{"line":47,"column":83}},"11":{"start":{"line":48,"column":8},"end":{"line":48,"column":75}},"12":{"start":{"line":49,"column":8},"end":{"line":49,"column":23}},"13":{"start":{"line":51,"column":8},"end":{"line":51,"column":19}},"14":{"start":{"line":54,"column":4},"end":{"line":54,"column":16}},"15":{"start":{"line":57,"column":33},"end":{"line":67,"column":1}},"16":{"start":{"line":61,"column":18},"end":{"line":61,"column":28}},"17":{"start":{"line":62,"column":50},"end":{"line":62,"column":71}},"18":{"start":{"line":63,"column":50},"end":{"line":63,"column":60}},"19":{"start":{"line":64,"column":4},"end":{"line":64,"column":77}},"20":{"start":{"line":65,"column":4},"end":{"line":65,"column":77}},"21":{"start":{"line":66,"column":4},"end":{"line":66,"column":19}},"22":{"start":{"line":70,"column":32},"end":{"line":83,"column":1}},"23":{"start":{"line":74,"column":18},"end":{"line":74,"column":28}},"24":{"start":{"line":75,"column":50},"end":{"line":75,"column":72}},"25":{"start":{"line":76,"column":52},"end":{"line":79,"column":5}},"26":{"start":{"line":80,"column":4},"end":{"line":80,"column":77}},"27":{"start":{"line":81,"column":4},"end":{"line":81,"column":77}},"28":{"start":{"line":82,"column":4},"end":{"line":82,"column":19}},"29":{"start":{"line":86,"column":36},"end":{"line":96,"column":1}},"30":{"start":{"line":90,"column":18},"end":{"line":90,"column":28}},"31":{"start":{"line":91,"column":50},"end":{"line":91,"column":74}},"32":{"start":{"line":92,"column":50},"end":{"line":92,"column":90}},"33":{"start":{"line":93,"column":4},"end":{"line":93,"column":77}},"34":{"start":{"line":94,"column":4},"end":{"line":94,"column":77}},"35":{"start":{"line":95,"column":4},"end":{"line":95,"column":19}},"36":{"start":{"line":99,"column":38},"end":{"line":109,"column":1}},"37":{"start":{"line":103,"column":18},"end":{"line":103,"column":28}},"38":{"start":{"line":104,"column":50},"end":{"line":104,"column":73}},"39":{"start":{"line":105,"column":50},"end":{"line":105,"column":60}},"40":{"start":{"line":106,"column":4},"end":{"line":106,"column":77}},"41":{"start":{"line":107,"column":4},"end":{"line":107,"column":77}},"42":{"start":{"line":108,"column":4},"end":{"line":108,"column":19}},"43":{"start":{"line":112,"column":29},"end":{"line":125,"column":1}},"44":{"start":{"line":119,"column":4},"end":{"line":123,"column":5}},"45":{"start":{"line":120,"column":8},"end":{"line":120,"column":43}},"46":{"start":{"line":122,"column":8},"end":{"line":122,"column":48}},"47":{"start":{"line":124,"column":4},"end":{"line":124,"column":62}},"48":{"start":{"line":128,"column":34},"end":{"line":145,"column":1}},"49":{"start":{"line":134,"column":18},"end":{"line":134,"column":28}},"50":{"start":{"line":135,"column":50},"end":{"line":135,"column":72}},"51":{"start":{"line":136,"column":52},"end":{"line":141,"column":5}},"52":{"start":{"line":142,"column":4},"end":{"line":142,"column":77}},"53":{"start":{"line":143,"column":4},"end":{"line":143,"column":77}},"54":{"start":{"line":144,"column":4},"end":{"line":144,"column":19}},"55":{"start":{"line":147,"column":34},"end":{"line":159,"column":1}},"56":{"start":{"line":151,"column":4},"end":{"line":158,"column":5}},"57":{"start":{"line":152,"column":22},"end":{"line":152,"column":32}},"58":{"start":{"line":153,"column":54},"end":{"line":153,"column":77}},"59":{"start":{"line":154,"column":54},"end":{"line":154,"column":64}},"60":{"start":{"line":155,"column":8},"end":{"line":155,"column":78}},"61":{"start":{"line":156,"column":8},"end":{"line":156,"column":78}},"62":{"start":{"line":157,"column":8},"end":{"line":157,"column":23}},"63":{"start":{"line":161,"column":30},"end":{"line":178,"column":1}},"64":{"start":{"line":168,"column":18},"end":{"line":168,"column":28}},"65":{"start":{"line":170,"column":52},"end":{"line":170,"column":89}},"66":{"start":{"line":171,"column":4},"end":{"line":175,"column":7}},"67":{"start":{"line":172,"column":8},"end":{"line":174,"column":9}},"68":{"start":{"line":173,"column":12},"end":{"line":173,"column":78}},"69":{"start":{"line":177,"column":4},"end":{"line":177,"column":19}}},"fnMap":{"0":{"name":"(anonymous_0)","decl":{"start":{"line":3,"column":37},"end":{"line":3,"column":38}},"loc":{"start":{"line":7,"column":47},"end":{"line":13,"column":1}},"line":7},"1":{"name":"(anonymous_1)","decl":{"start":{"line":12,"column":12},"end":{"line":12,"column":13}},"loc":{"start":{"line":12,"column":18},"end":{"line":12,"column":21}},"line":12},"2":{"name":"(anonymous_2)","decl":{"start":{"line":15,"column":27},"end":{"line":15,"column":28}},"loc":{"start":{"line":23,"column":14},"end":{"line":55,"column":1}},"line":23},"3":{"name":"(anonymous_3)","decl":{"start":{"line":57,"column":33},"end":{"line":57,"column":34}},"loc":{"start":{"line":60,"column":5},"end":{"line":67,"column":1}},"line":60},"4":{"name":"(anonymous_4)","decl":{"start":{"line":70,"column":32},"end":{"line":70,"column":33}},"loc":{"start":{"line":73,"column":5},"end":{"line":83,"column":1}},"line":73},"5":{"name":"(anonymous_5)","decl":{"start":{"line":86,"column":36},"end":{"line":86,"column":37}},"loc":{"start":{"line":89,"column":5},"end":{"line":96,"column":1}},"line":89},"6":{"name":"(anonymous_6)","decl":{"start":{"line":99,"column":38},"end":{"line":99,"column":39}},"loc":{"start":{"line":102,"column":5},"end":{"line":109,"column":1}},"line":102},"7":{"name":"(anonymous_7)","decl":{"start":{"line":112,"column":29},"end":{"line":112,"column":30}},"loc":{"start":{"line":117,"column":5},"end":{"line":125,"column":1}},"line":117},"8":{"name":"(anonymous_8)","decl":{"start":{"line":128,"column":34},"end":{"line":128,"column":35}},"loc":{"start":{"line":133,"column":5},"end":{"line":145,"column":1}},"line":133},"9":{"name":"(anonymous_9)","decl":{"start":{"line":147,"column":34},"end":{"line":147,"column":35}},"loc":{"start":{"line":150,"column":5},"end":{"line":159,"column":1}},"line":150},"10":{"name":"(anonymous_10)","decl":{"start":{"line":161,"column":30},"end":{"line":161,"column":31}},"loc":{"start":{"line":167,"column":5},"end":{"line":178,"column":1}},"line":167},"11":{"name":"(anonymous_11)","decl":{"start":{"line":171,"column":22},"end":{"line":171,"column":23}},"loc":{"start":{"line":171,"column":29},"end":{"line":175,"column":5}},"line":171}},"branchMap":{"0":{"loc":{"start":{"line":24,"column":4},"end":{"line":52,"column":5}},"type":"if","locations":[{"start":{"line":24,"column":4},"end":{"line":52,"column":5}},{"start":{"line":24,"column":4},"end":{"line":52,"column":5}}],"line":24},"1":{"loc":{"start":{"line":24,"column":8},"end":{"line":25,"column":33}},"type":"binary-expr","locations":[{"start":{"line":24,"column":8},"end":{"line":24,"column":20}},{"start":{"line":24,"column":24},"end":{"line":24,"column":47}},{"start":{"line":25,"column":8},"end":{"line":25,"column":33}}],"line":24},"2":{"loc":{"start":{"line":35,"column":30},"end":{"line":35,"column":71}},"type":"cond-expr","locations":[{"start":{"line":35,"column":54},"end":{"line":35,"column":56}},{"start":{"line":35,"column":59},"end":{"line":35,"column":71}}],"line":35},"3":{"loc":{"start":{"line":36,"column":29},"end":{"line":36,"column":94}},"type":"cond-expr","locations":[{"start":{"line":36,"column":61},"end":{"line":36,"column":89}},{"start":{"line":36,"column":92},"end":{"line":36,"column":94}}],"line":36},"4":{"loc":{"start":{"line":119,"column":4},"end":{"line":123,"column":5}},"type":"if","locations":[{"start":{"line":119,"column":4},"end":{"line":123,"column":5}},{"start":{"line":119,"column":4},"end":{"line":123,"column":5}}],"line":119},"5":{"loc":{"start":{"line":140,"column":12},"end":{"line":140,"column":72}},"type":"cond-expr","locations":[{"start":{"line":140,"column":30},"end":{"line":140,"column":67}},{"start":{"line":140,"column":70},"end":{"line":140,"column":72}}],"line":140},"6":{"loc":{"start":{"line":151,"column":4},"end":{"line":158,"column":5}},"type":"if","locations":[{"start":{"line":151,"column":4},"end":{"line":158,"column":5}},{"start":{"line":151,"column":4},"end":{"line":158,"column":5}}],"line":151},"7":{"loc":{"start":{"line":172,"column":8},"end":{"line":174,"column":9}},"type":"if","locations":[{"start":{"line":172,"column":8},"end":{"line":174,"column":9}},{"start":{"line":172,"column":8},"end":{"line":174,"column":9}}],"line":172},"8":{"loc":{"start":{"line":172,"column":12},"end":{"line":172,"column":67}},"type":"binary-expr","locations":[{"start":{"line":172,"column":12},"end":{"line":172,"column":40}},{"start":{"line":172,"column":44},"end":{"line":172,"column":67}}],"line":172}},"s":{"0":0,"1":0,"2":0,"3":0,"4":0,"5":0,"6":0,"7":0,"8":0,"9":0,"10":0,"11":0,"12":0,"13":0,"14":0,"15":0,"16":0,"17":0,"18":0,"19":0,"20":0,"21":0,"22":0,"23":0,"24":0,"25":0,"26":0,"27":0,"28":0,"29":0,"30":0,"31":0,"32":0,"33":0,"34":0,"35":0,"36":0,"37":0,"38":0,"39":0,"40":0,"41":0,"42":0,"43":0,"44":0,"45":0,"46":0,"47":0,"48":0,"49":0,"50":0,"51":0,"52":0,"53":0,"54":0,"55":0,"56":0,"57":0,"58":0,"59":0,"60":0,"61":0,"62":0,"63":0,"64":0,"65":0,"66":0,"67":0,"68":0,"69":0},"f":{"0":0,"1":0,"2":0,"3":0,"4":0,"5":0,"6":0,"7":0,"8":0,"9":0,"10":0,"11":0},"b":{"0":[0,0],"1":[0,0,0],"2":[0,0],"3":[0,0],"4":[0,0],"5":[0,0],"6":[0,0],"7":[0,0],"8":[0,0]},"all":true},"/home/guan/Desktop/studies/spring_2021/dti/office-hours/src/firebasefunctions/tags.ts":{"path":"/home/guan/Desktop/studies/spring_2021/dti/office-hours/src/firebasefunctions/tags.ts","statementMap":{"0":{"start":{"line":6,"column":18},"end":{"line":24,"column":1}},"1":{"start":{"line":12,"column":16},"end":{"line":12,"column":50}},"2":{"start":{"line":14,"column":47},"end":{"line":20,"column":5}},"3":{"start":{"line":21,"column":4},"end":{"line":21,"column":31}},"4":{"start":{"line":23,"column":4},"end":{"line":23,"column":15}},"5":{"start":{"line":26,"column":32},"end":{"line":46,"column":1}},"6":{"start":{"line":28,"column":18},"end":{"line":28,"column":35}},"7":{"start":{"line":32,"column":22},"end":{"line":32,"column":50}},"8":{"start":{"line":35,"column":4},"end":{"line":42,"column":6}},"9":{"start":{"line":36,"column":8},"end":{"line":40,"column":24}},"10":{"start":{"line":43,"column":4},"end":{"line":43,"column":19}},"11":{"start":{"line":45,"column":4},"end":{"line":45,"column":21}},"12":{"start":{"line":48,"column":22},"end":{"line":61,"column":1}},"13":{"start":{"line":50,"column":22},"end":{"line":50,"column":69}},"14":{"start":{"line":51,"column":4},"end":{"line":54,"column":7}},"15":{"start":{"line":55,"column":4},"end":{"line":60,"column":6}},"16":{"start":{"line":56,"column":28},"end":{"line":56,"column":76}},"17":{"start":{"line":57,"column":8},"end":{"line":59,"column":11}},"18":{"start":{"line":63,"column":30},"end":{"line":94,"column":1}},"19":{"start":{"line":65,"column":18},"end":{"line":65,"column":35}},"20":{"start":{"line":67,"column":22},"end":{"line":67,"column":65}},"21":{"start":{"line":69,"column":4},"end":{"line":71,"column":5}},"22":{"start":{"line":70,"column":8},"end":{"line":70,"column":44}},"23":{"start":{"line":73,"column":4},"end":{"line":75,"column":75}},"24":{"start":{"line":75,"column":12},"end":{"line":75,"column":73}},"25":{"start":{"line":77,"column":4},"end":{"line":89,"column":7}},"26":{"start":{"line":78,"column":25},"end":{"line":78,"column":59}},"27":{"start":{"line":80,"column":55},"end":{"line":86,"column":9}},"28":{"start":{"line":88,"column":8},"end":{"line":88,"column":44}},"29":{"start":{"line":92,"column":4},"end":{"line":92,"column":19}}},"fnMap":{"0":{"name":"(anonymous_0)","decl":{"start":{"line":6,"column":18},"end":{"line":6,"column":19}},"loc":{"start":{"line":9,"column":32},"end":{"line":24,"column":1}},"line":9},"1":{"name":"(anonymous_1)","decl":{"start":{"line":26,"column":32},"end":{"line":26,"column":33}},"loc":{"start":{"line":26,"column":101},"end":{"line":46,"column":1}},"line":26},"2":{"name":"(anonymous_2)","decl":{"start":{"line":35,"column":16},"end":{"line":35,"column":17}},"loc":{"start":{"line":36,"column":8},"end":{"line":40,"column":24}},"line":36},"3":{"name":"(anonymous_3)","decl":{"start":{"line":48,"column":22},"end":{"line":48,"column":23}},"loc":{"start":{"line":49,"column":47},"end":{"line":61,"column":1}},"line":49},"4":{"name":"(anonymous_4)","decl":{"start":{"line":55,"column":22},"end":{"line":55,"column":23}},"loc":{"start":{"line":55,"column":34},"end":{"line":60,"column":5}},"line":55},"5":{"name":"(anonymous_5)","decl":{"start":{"line":63,"column":30},"end":{"line":63,"column":31}},"loc":{"start":{"line":64,"column":72},"end":{"line":94,"column":1}},"line":64},"6":{"name":"(anonymous_6)","decl":{"start":{"line":74,"column":17},"end":{"line":74,"column":18}},"loc":{"start":{"line":75,"column":12},"end":{"line":75,"column":73}},"line":75},"7":{"name":"(anonymous_7)","decl":{"start":{"line":77,"column":20},"end":{"line":77,"column":21}},"loc":{"start":{"line":77,"column":31},"end":{"line":89,"column":5}},"line":77}},"branchMap":{"0":{"loc":{"start":{"line":17,"column":15},"end":{"line":17,"column":37}},"type":"cond-expr","locations":[{"start":{"line":17,"column":32},"end":{"line":17,"column":33}},{"start":{"line":17,"column":36},"end":{"line":17,"column":37}}],"line":17},"1":{"loc":{"start":{"line":69,"column":4},"end":{"line":71,"column":5}},"type":"if","locations":[{"start":{"line":69,"column":4},"end":{"line":71,"column":5}},{"start":{"line":69,"column":4},"end":{"line":71,"column":5}}],"line":69}},"s":{"0":0,"1":0,"2":0,"3":0,"4":0,"5":0,"6":0,"7":0,"8":0,"9":0,"10":0,"11":0,"12":0,"13":0,"14":0,"15":0,"16":0,"17":0,"18":0,"19":0,"20":0,"21":0,"22":0,"23":0,"24":0,"25":0,"26":0,"27":0,"28":0,"29":0},"f":{"0":0,"1":0,"2":0,"3":0,"4":0,"5":0,"6":0,"7":0},"b":{"0":[0,0],"1":[0,0]},"all":true},"/home/guan/Desktop/studies/spring_2021/dti/office-hours/src/firebasefunctions/test.ts":{"path":"/home/guan/Desktop/studies/spring_2021/dti/office-hours/src/firebasefunctions/test.ts","statementMap":{"0":{"start":{"line":3,"column":30},"end":{"line":17,"column":1}},"1":{"start":{"line":7,"column":25},"end":{"line":7,"column":27}},"2":{"start":{"line":8,"column":27},"end":{"line":8,"column":44}},"3":{"start":{"line":9,"column":4},"end":{"line":15,"column":7}},"4":{"start":{"line":10,"column":19},"end":{"line":10,"column":40}},"5":{"start":{"line":11,"column":8},"end":{"line":13,"column":9}},"6":{"start":{"line":12,"column":12},"end":{"line":12,"column":40}},"7":{"start":{"line":14,"column":8},"end":{"line":14,"column":31}},"8":{"start":{"line":16,"column":4},"end":{"line":16,"column":18}},"9":{"start":{"line":19,"column":28},"end":{"line":24,"column":1}},"10":{"start":{"line":22,"column":18},"end":{"line":22,"column":40}},"11":{"start":{"line":23,"column":4},"end":{"line":23,"column":53}},"12":{"start":{"line":26,"column":30},"end":{"line":31,"column":1}},"13":{"start":{"line":29,"column":18},"end":{"line":29,"column":42}},"14":{"start":{"line":30,"column":4},"end":{"line":30,"column":57}},"15":{"start":{"line":33,"column":27},"end":{"line":38,"column":1}},"16":{"start":{"line":36,"column":18},"end":{"line":36,"column":39}},"17":{"start":{"line":37,"column":4},"end":{"line":37,"column":51}},"18":{"start":{"line":40,"column":35},"end":{"line":45,"column":1}},"19":{"start":{"line":43,"column":18},"end":{"line":43,"column":47}},"20":{"start":{"line":44,"column":4},"end":{"line":44,"column":59}},"21":{"start":{"line":47,"column":32},"end":{"line":52,"column":1}},"22":{"start":{"line":50,"column":18},"end":{"line":50,"column":44}},"23":{"start":{"line":51,"column":4},"end":{"line":51,"column":61}},"24":{"start":{"line":54,"column":36},"end":{"line":59,"column":1}},"25":{"start":{"line":57,"column":18},"end":{"line":57,"column":48}},"26":{"start":{"line":58,"column":4},"end":{"line":58,"column":65}},"27":{"start":{"line":61,"column":31},"end":{"line":66,"column":1}},"28":{"start":{"line":64,"column":18},"end":{"line":64,"column":43}},"29":{"start":{"line":65,"column":4},"end":{"line":65,"column":59}}},"fnMap":{"0":{"name":"(anonymous_0)","decl":{"start":{"line":3,"column":30},"end":{"line":3,"column":31}},"loc":{"start":{"line":6,"column":19},"end":{"line":17,"column":1}},"line":6},"1":{"name":"(anonymous_1)","decl":{"start":{"line":9,"column":27},"end":{"line":9,"column":28}},"loc":{"start":{"line":9,"column":41},"end":{"line":15,"column":5}},"line":9},"2":{"name":"(anonymous_2)","decl":{"start":{"line":19,"column":28},"end":{"line":19,"column":29}},"loc":{"start":{"line":21,"column":26},"end":{"line":24,"column":1}},"line":21},"3":{"name":"(anonymous_3)","decl":{"start":{"line":26,"column":30},"end":{"line":26,"column":31}},"loc":{"start":{"line":28,"column":28},"end":{"line":31,"column":1}},"line":28},"4":{"name":"(anonymous_4)","decl":{"start":{"line":33,"column":27},"end":{"line":33,"column":28}},"loc":{"start":{"line":35,"column":25},"end":{"line":38,"column":1}},"line":35},"5":{"name":"(anonymous_5)","decl":{"start":{"line":40,"column":35},"end":{"line":40,"column":36}},"loc":{"start":{"line":42,"column":33},"end":{"line":45,"column":1}},"line":42},"6":{"name":"(anonymous_6)","decl":{"start":{"line":47,"column":32},"end":{"line":47,"column":33}},"loc":{"start":{"line":49,"column":30},"end":{"line":52,"column":1}},"line":49},"7":{"name":"(anonymous_7)","decl":{"start":{"line":54,"column":36},"end":{"line":54,"column":37}},"loc":{"start":{"line":56,"column":34},"end":{"line":59,"column":1}},"line":56},"8":{"name":"(anonymous_8)","decl":{"start":{"line":61,"column":31},"end":{"line":61,"column":32}},"loc":{"start":{"line":63,"column":29},"end":{"line":66,"column":1}},"line":63}},"branchMap":{"0":{"loc":{"start":{"line":5,"column":4},"end":{"line":5,"column":33}},"type":"default-arg","locations":[{"start":{"line":5,"column":29},"end":{"line":5,"column":33}}],"line":5},"1":{"loc":{"start":{"line":11,"column":8},"end":{"line":13,"column":9}},"type":"if","locations":[{"start":{"line":11,"column":8},"end":{"line":13,"column":9}},{"start":{"line":11,"column":8},"end":{"line":13,"column":9}}],"line":11}},"s":{"0":0,"1":0,"2":0,"3":0,"4":0,"5":0,"6":0,"7":0,"8":0,"9":0,"10":0,"11":0,"12":0,"13":0,"14":0,"15":0,"16":0,"17":0,"18":0,"19":0,"20":0,"21":0,"22":0,"23":0,"24":0,"25":0,"26":0,"27":0,"28":0,"29":0},"f":{"0":0,"1":0,"2":0,"3":0,"4":0,"5":0,"6":0,"7":0,"8":0},"b":{"0":[0],"1":[0,0]},"all":true},"/home/guan/Desktop/studies/spring_2021/dti/office-hours/src/firebasefunctions/user.ts":{"path":"/home/guan/Desktop/studies/spring_2021/dti/office-hours/src/firebasefunctions/user.ts","statementMap":{"0":{"start":{"line":4,"column":13},"end":{"line":4,"column":26}},"1":{"start":{"line":6,"column":26},"end":{"line":47,"column":1}},"2":{"start":{"line":7,"column":4},"end":{"line":46,"column":5}},"3":{"start":{"line":8,"column":20},"end":{"line":8,"column":28}},"4":{"start":{"line":9,"column":22},"end":{"line":9,"column":49}},"5":{"start":{"line":10,"column":28},"end":{"line":10,"column":60}},"6":{"start":{"line":11,"column":25},"end":{"line":11,"column":55}},"7":{"start":{"line":12,"column":26},"end":{"line":12,"column":28}},"8":{"start":{"line":13,"column":24},"end":{"line":13,"column":35}},"9":{"start":{"line":14,"column":23},"end":{"line":14,"column":25}},"10":{"start":{"line":15,"column":8},"end":{"line":21,"column":9}},"11":{"start":{"line":16,"column":12},"end":{"line":16,"column":51}},"12":{"start":{"line":17,"column":12},"end":{"line":20,"column":13}},"13":{"start":{"line":18,"column":16},"end":{"line":18,"column":66}},"14":{"start":{"line":19,"column":16},"end":{"line":19,"column":66}},"15":{"start":{"line":22,"column":8},"end":{"line":45,"column":64}},"16":{"start":{"line":23,"column":42},"end":{"line":23,"column":73}},"17":{"start":{"line":24,"column":33},"end":{"line":24,"column":77}},"18":{"start":{"line":25,"column":12},"end":{"line":43,"column":13}},"19":{"start":{"line":26,"column":63},"end":{"line":31,"column":17}},"20":{"start":{"line":32,"column":16},"end":{"line":32,"column":79}},"21":{"start":{"line":34,"column":67},"end":{"line":41,"column":17}},"22":{"start":{"line":42,"column":16},"end":{"line":42,"column":73}},"23":{"start":{"line":45,"column":23},"end":{"line":45,"column":62}},"24":{"start":{"line":49,"column":22},"end":{"line":58,"column":1}},"25":{"start":{"line":50,"column":4},"end":{"line":57,"column":11}}},"fnMap":{"0":{"name":"(anonymous_0)","decl":{"start":{"line":6,"column":26},"end":{"line":6,"column":27}},"loc":{"start":{"line":6,"column":92},"end":{"line":47,"column":1}},"line":6},"1":{"name":"(anonymous_1)","decl":{"start":{"line":22,"column":26},"end":{"line":22,"column":27}},"loc":{"start":{"line":22,"column":49},"end":{"line":45,"column":9}},"line":22},"2":{"name":"(anonymous_2)","decl":{"start":{"line":45,"column":17},"end":{"line":45,"column":18}},"loc":{"start":{"line":45,"column":23},"end":{"line":45,"column":62}},"line":45},"3":{"name":"(anonymous_3)","decl":{"start":{"line":49,"column":22},"end":{"line":49,"column":23}},"loc":{"start":{"line":49,"column":28},"end":{"line":58,"column":1}},"line":49},"4":{"name":"(anonymous_4)","decl":{"start":{"line":52,"column":14},"end":{"line":52,"column":15}},"loc":{"start":{"line":52,"column":20},"end":{"line":54,"column":9}},"line":52},"5":{"name":"(anonymous_5)","decl":{"start":{"line":55,"column":15},"end":{"line":55,"column":16}},"loc":{"start":{"line":55,"column":21},"end":{"line":57,"column":9}},"line":55}},"branchMap":{"0":{"loc":{"start":{"line":7,"column":4},"end":{"line":46,"column":5}},"type":"if","locations":[{"start":{"line":7,"column":4},"end":{"line":46,"column":5}},{"start":{"line":7,"column":4},"end":{"line":46,"column":5}}],"line":7},"1":{"loc":{"start":{"line":9,"column":22},"end":{"line":9,"column":49}},"type":"binary-expr","locations":[{"start":{"line":9,"column":22},"end":{"line":9,"column":32}},{"start":{"line":9,"column":36},"end":{"line":9,"column":49}}],"line":9},"2":{"loc":{"start":{"line":10,"column":28},"end":{"line":10,"column":60}},"type":"binary-expr","locations":[{"start":{"line":10,"column":28},"end":{"line":10,"column":44}},{"start":{"line":10,"column":48},"end":{"line":10,"column":60}}],"line":10},"3":{"loc":{"start":{"line":11,"column":25},"end":{"line":11,"column":55}},"type":"binary-expr","locations":[{"start":{"line":11,"column":25},"end":{"line":11,"column":38}},{"start":{"line":11,"column":42},"end":{"line":11,"column":55}}],"line":11},"4":{"loc":{"start":{"line":15,"column":8},"end":{"line":21,"column":9}},"type":"if","locations":[{"start":{"line":15,"column":8},"end":{"line":21,"column":9}},{"start":{"line":15,"column":8},"end":{"line":21,"column":9}}],"line":15},"5":{"loc":{"start":{"line":17,"column":12},"end":{"line":20,"column":13}},"type":"if","locations":[{"start":{"line":17,"column":12},"end":{"line":20,"column":13}},{"start":{"line":17,"column":12},"end":{"line":20,"column":13}}],"line":17},"6":{"loc":{"start":{"line":25,"column":12},"end":{"line":43,"column":13}},"type":"if","locations":[{"start":{"line":25,"column":12},"end":{"line":43,"column":13}},{"start":{"line":25,"column":12},"end":{"line":43,"column":13}}],"line":25}},"s":{"0":0,"1":0,"2":0,"3":0,"4":0,"5":0,"6":0,"7":0,"8":0,"9":0,"10":0,"11":0,"12":0,"13":0,"14":0,"15":0,"16":0,"17":0,"18":0,"19":0,"20":0,"21":0,"22":0,"23":0,"24":0,"25":0},"f":{"0":0,"1":0,"2":0,"3":0,"4":0,"5":0},"b":{"0":[0,0],"1":[0,0],"2":[0,0],"3":[0,0],"4":[0,0],"5":[0,0],"6":[0,0]},"all":true},"/home/guan/Desktop/studies/spring_2021/dti/office-hours/src/firehooks.ts":{"path":"/home/guan/Desktop/studies/spring_2021/dti/office-hours/src/firehooks.ts","statementMap":{"0":{"start":{"line":16,"column":22},"end":{"line":31,"column":1}},"1":{"start":{"line":17,"column":26},"end":{"line":17,"column":51}},"2":{"start":{"line":18,"column":4},"end":{"line":29,"column":6}},"3":{"start":{"line":20,"column":12},"end":{"line":24,"column":13}},"4":{"start":{"line":21,"column":51},"end":{"line":21,"column":105}},"5":{"start":{"line":22,"column":37},"end":{"line":22,"column":79}},"6":{"start":{"line":22,"column":69},"end":{"line":22,"column":78}},"7":{"start":{"line":23,"column":16},"end":{"line":23,"column":61}},"8":{"start":{"line":23,"column":31},"end":{"line":23,"column":58}},"9":{"start":{"line":26,"column":12},"end":{"line":26,"column":29}},"10":{"start":{"line":30,"column":4},"end":{"line":30,"column":15}},"11":{"start":{"line":39,"column":35},"end":{"line":55,"column":1}},"12":{"start":{"line":42,"column":32},"end":{"line":42,"column":58}},"13":{"start":{"line":44,"column":4},"end":{"line":53,"column":6}},"14":{"start":{"line":46,"column":46},"end":{"line":46,"column":95}},"15":{"start":{"line":49,"column":33},"end":{"line":49,"column":82}},"16":{"start":{"line":49,"column":63},"end":{"line":49,"column":81}},"17":{"start":{"line":50,"column":12},"end":{"line":50,"column":57}},"18":{"start":{"line":50,"column":27},"end":{"line":50,"column":54}},"19":{"start":{"line":54,"column":4},"end":{"line":54,"column":18}},"20":{"start":{"line":57,"column":40},"end":{"line":86,"column":1}},"21":{"start":{"line":60,"column":32},"end":{"line":60,"column":58}},"22":{"start":{"line":62,"column":4},"end":{"line":84,"column":6}},"23":{"start":{"line":64,"column":37},"end":{"line":64,"column":39}},"24":{"start":{"line":66,"column":28},"end":{"line":75,"column":14}},"25":{"start":{"line":67,"column":50},"end":{"line":67,"column":83}},"26":{"start":{"line":70,"column":37},"end":{"line":73,"column":18}},"27":{"start":{"line":71,"column":20},"end":{"line":71,"column":67}},"28":{"start":{"line":72,"column":20},"end":{"line":72,"column":45}},"29":{"start":{"line":74,"column":16},"end":{"line":74,"column":61}},"30":{"start":{"line":74,"column":31},"end":{"line":74,"column":58}},"31":{"start":{"line":78,"column":12},"end":{"line":80,"column":13}},"32":{"start":{"line":79,"column":16},"end":{"line":79,"column":68}},"33":{"start":{"line":79,"column":50},"end":{"line":79,"column":66}},"34":{"start":{"line":85,"column":4},"end":{"line":85,"column":18}},"35":{"start":{"line":88,"column":40},"end":{"line":110,"column":1}},"36":{"start":{"line":92,"column":32},"end":{"line":92,"column":59}},"37":{"start":{"line":94,"column":4},"end":{"line":108,"column":6}},"38":{"start":{"line":96,"column":28},"end":{"line":96,"column":87}},"39":{"start":{"line":97,"column":56},"end":{"line":102,"column":102}},"40":{"start":{"line":104,"column":33},"end":{"line":104,"column":82}},"41":{"start":{"line":104,"column":63},"end":{"line":104,"column":81}},"42":{"start":{"line":105,"column":12},"end":{"line":105,"column":57}},"43":{"start":{"line":105,"column":27},"end":{"line":105,"column":54}},"44":{"start":{"line":109,"column":4},"end":{"line":109,"column":18}},"45":{"start":{"line":112,"column":38},"end":{"line":154,"column":1}},"46":{"start":{"line":117,"column":36},"end":{"line":117,"column":63}},"47":{"start":{"line":118,"column":38},"end":{"line":118,"column":68}},"48":{"start":{"line":120,"column":4},"end":{"line":151,"column":6}},"49":{"start":{"line":122,"column":57},"end":{"line":129,"column":13}},"50":{"start":{"line":130,"column":23},"end":{"line":130,"column":83}},"51":{"start":{"line":130,"column":58},"end":{"line":130,"column":82}},"52":{"start":{"line":133,"column":31},"end":{"line":142,"column":13}},"53":{"start":{"line":135,"column":20},"end":{"line":140,"column":22}},"54":{"start":{"line":136,"column":24},"end":{"line":139,"column":25}},"55":{"start":{"line":144,"column":23},"end":{"line":144,"column":107}},"56":{"start":{"line":144,"column":80},"end":{"line":144,"column":106}},"57":{"start":{"line":145,"column":12},"end":{"line":148,"column":14}},"58":{"start":{"line":146,"column":16},"end":{"line":146,"column":33}},"59":{"start":{"line":147,"column":16},"end":{"line":147,"column":33}},"60":{"start":{"line":153,"column":4},"end":{"line":153,"column":32}},"61":{"start":{"line":156,"column":24},"end":{"line":160,"column":70}},"62":{"start":{"line":160,"column":10},"end":{"line":160,"column":70}},"63":{"start":{"line":162,"column":29},"end":{"line":166,"column":75}},"64":{"start":{"line":166,"column":10},"end":{"line":166,"column":75}},"65":{"start":{"line":168,"column":25},"end":{"line":172,"column":1}},"66":{"start":{"line":170,"column":8},"end":{"line":170,"column":82}},"67":{"start":{"line":173,"column":41},"end":{"line":173,"column":93}},"68":{"start":{"line":174,"column":53},"end":{"line":174,"column":112}},"69":{"start":{"line":176,"column":33},"end":{"line":180,"column":1}},"70":{"start":{"line":178,"column":8},"end":{"line":178,"column":88}},"71":{"start":{"line":182,"column":49},"end":{"line":182,"column":109}},"72":{"start":{"line":185,"column":4},"end":{"line":185,"column":71}},"73":{"start":{"line":187,"column":26},"end":{"line":191,"column":1}},"74":{"start":{"line":189,"column":8},"end":{"line":189,"column":69}},"75":{"start":{"line":193,"column":42},"end":{"line":193,"column":95}},"76":{"start":{"line":196,"column":4},"end":{"line":196,"column":64}},"77":{"start":{"line":198,"column":64},"end":{"line":200,"column":1}},"78":{"start":{"line":199,"column":20},"end":{"line":199,"column":91}},"79":{"start":{"line":202,"column":31},"end":{"line":206,"column":1}},"80":{"start":{"line":203,"column":4},"end":{"line":205,"column":41}},"81":{"start":{"line":207,"column":39},"end":{"line":212,"column":2}},"82":{"start":{"line":208,"column":33},"end":{"line":208,"column":53}},"83":{"start":{"line":210,"column":18},"end":{"line":210,"column":60}},"84":{"start":{"line":211,"column":4},"end":{"line":211,"column":90}},"85":{"start":{"line":213,"column":33},"end":{"line":215,"column":1}},"86":{"start":{"line":214,"column":4},"end":{"line":214,"column":69}},"87":{"start":{"line":217,"column":38},"end":{"line":217,"column":87}},"88":{"start":{"line":220,"column":4},"end":{"line":220,"column":67}},"89":{"start":{"line":222,"column":28},"end":{"line":230,"column":1}},"90":{"start":{"line":223,"column":23},"end":{"line":223,"column":38}},"91":{"start":{"line":224,"column":17},"end":{"line":224,"column":28}},"92":{"start":{"line":225,"column":4},"end":{"line":227,"column":5}},"93":{"start":{"line":226,"column":8},"end":{"line":226,"column":18}},"94":{"start":{"line":228,"column":39},"end":{"line":228,"column":60}},"95":{"start":{"line":229,"column":4},"end":{"line":229,"column":89}},"96":{"start":{"line":229,"column":47},"end":{"line":229,"column":87}},"97":{"start":{"line":232,"column":23},"end":{"line":232,"column":107}},"98":{"start":{"line":232,"column":45},"end":{"line":232,"column":107}},"99":{"start":{"line":233,"column":29},"end":{"line":242,"column":1}},"100":{"start":{"line":234,"column":21},"end":{"line":234,"column":73}},"101":{"start":{"line":235,"column":47},"end":{"line":235,"column":49}},"102":{"start":{"line":237,"column":4},"end":{"line":239,"column":7}},"103":{"start":{"line":238,"column":8},"end":{"line":238,"column":30}},"104":{"start":{"line":241,"column":4},"end":{"line":241,"column":16}},"105":{"start":{"line":244,"column":24},"end":{"line":246,"column":1}},"106":{"start":{"line":245,"column":4},"end":{"line":245,"column":78}},"107":{"start":{"line":247,"column":30},"end":{"line":252,"column":1}},"108":{"start":{"line":248,"column":4},"end":{"line":251,"column":5}},"109":{"start":{"line":254,"column":33},"end":{"line":263,"column":1}},"110":{"start":{"line":255,"column":24},"end":{"line":255,"column":68}},"111":{"start":{"line":256,"column":48},"end":{"line":256,"column":50}},"112":{"start":{"line":258,"column":4},"end":{"line":260,"column":7}},"113":{"start":{"line":259,"column":8},"end":{"line":259,"column":32}},"114":{"start":{"line":262,"column":4},"end":{"line":262,"column":15}},"115":{"start":{"line":265,"column":31},"end":{"line":265,"column":40}},"116":{"start":{"line":267,"column":38},"end":{"line":275,"column":1}},"117":{"start":{"line":268,"column":19},"end":{"line":268,"column":106}},"118":{"start":{"line":270,"column":4},"end":{"line":274,"column":7}},"119":{"start":{"line":270,"column":31},"end":{"line":274,"column":5}},"120":{"start":{"line":277,"column":26},"end":{"line":284,"column":1}},"121":{"start":{"line":278,"column":24},"end":{"line":278,"column":26}},"122":{"start":{"line":279,"column":4},"end":{"line":281,"column":5}},"123":{"start":{"line":279,"column":17},"end":{"line":279,"column":18}},"124":{"start":{"line":280,"column":8},"end":{"line":280,"column":80}},"125":{"start":{"line":283,"column":4},"end":{"line":283,"column":18}},"126":{"start":{"line":286,"column":40},"end":{"line":299,"column":1}},"127":{"start":{"line":287,"column":24},"end":{"line":291,"column":5}},"128":{"start":{"line":292,"column":48},"end":{"line":292,"column":50}},"129":{"start":{"line":294,"column":4},"end":{"line":296,"column":7}},"130":{"start":{"line":295,"column":8},"end":{"line":295,"column":32}},"131":{"start":{"line":298,"column":4},"end":{"line":298,"column":15}},"132":{"start":{"line":300,"column":37},"end":{"line":302,"column":1}},"133":{"start":{"line":301,"column":4},"end":{"line":301,"column":56}},"134":{"start":{"line":303,"column":30},"end":{"line":303,"column":112}},"135":{"start":{"line":303,"column":67},"end":{"line":303,"column":112}},"136":{"start":{"line":306,"column":21},"end":{"line":306,"column":51}},"137":{"start":{"line":307,"column":29},"end":{"line":321,"column":1}},"138":{"start":{"line":311,"column":24},"end":{"line":311,"column":87}},"139":{"start":{"line":312,"column":28},"end":{"line":312,"column":30}},"140":{"start":{"line":313,"column":4},"end":{"line":319,"column":7}},"141":{"start":{"line":314,"column":27},"end":{"line":314,"column":46}},"142":{"start":{"line":315,"column":8},"end":{"line":317,"column":9}},"143":{"start":{"line":316,"column":12},"end":{"line":316,"column":19}},"144":{"start":{"line":318,"column":8},"end":{"line":318,"column":29}},"145":{"start":{"line":320,"column":4},"end":{"line":320,"column":15}},"146":{"start":{"line":322,"column":33},"end":{"line":327,"column":1}},"147":{"start":{"line":326,"column":4},"end":{"line":326,"column":102}},"148":{"start":{"line":326,"column":53},"end":{"line":326,"column":101}},"149":{"start":{"line":329,"column":33},"end":{"line":331,"column":34}},"150":{"start":{"line":329,"column":56},"end":{"line":331,"column":34}},"151":{"start":{"line":332,"column":37},"end":{"line":334,"column":34}},"152":{"start":{"line":332,"column":60},"end":{"line":334,"column":34}},"153":{"start":{"line":335,"column":41},"end":{"line":339,"column":2}},"154":{"start":{"line":336,"column":30},"end":{"line":336,"column":50}},"155":{"start":{"line":337,"column":18},"end":{"line":337,"column":113}},"156":{"start":{"line":338,"column":4},"end":{"line":338,"column":90}},"157":{"start":{"line":340,"column":35},"end":{"line":341,"column":60}},"158":{"start":{"line":341,"column":4},"end":{"line":341,"column":60}},"159":{"start":{"line":347,"column":4},"end":{"line":347,"column":86}},"160":{"start":{"line":347,"column":27},"end":{"line":347,"column":86}},"161":{"start":{"line":349,"column":64},"end":{"line":351,"column":1}},"162":{"start":{"line":350,"column":20},"end":{"line":350,"column":89}},"163":{"start":{"line":353,"column":40},"end":{"line":353,"column":91}},"164":{"start":{"line":356,"column":4},"end":{"line":356,"column":69}},"165":{"start":{"line":360,"column":25},"end":{"line":361,"column":64}},"166":{"start":{"line":361,"column":4},"end":{"line":361,"column":64}},"167":{"start":{"line":361,"column":35},"end":{"line":361,"column":63}},"168":{"start":{"line":362,"column":27},"end":{"line":363,"column":63}},"169":{"start":{"line":363,"column":4},"end":{"line":363,"column":63}},"170":{"start":{"line":364,"column":32},"end":{"line":365,"column":82}},"171":{"start":{"line":365,"column":4},"end":{"line":365,"column":82}},"172":{"start":{"line":366,"column":26},"end":{"line":367,"column":59}},"173":{"start":{"line":367,"column":4},"end":{"line":367,"column":59}},"174":{"start":{"line":368,"column":22},"end":{"line":369,"column":43}},"175":{"start":{"line":369,"column":4},"end":{"line":369,"column":43}},"176":{"start":{"line":370,"column":23},"end":{"line":371,"column":47}},"177":{"start":{"line":371,"column":4},"end":{"line":371,"column":47}},"178":{"start":{"line":373,"column":28},"end":{"line":375,"column":38}},"179":{"start":{"line":373,"column":50},"end":{"line":375,"column":38}},"180":{"start":{"line":377,"column":33},"end":{"line":379,"column":38}},"181":{"start":{"line":377,"column":55},"end":{"line":379,"column":38}}},"fnMap":{"0":{"name":"(anonymous_0)","decl":{"start":{"line":16,"column":22},"end":{"line":16,"column":23}},"loc":{"start":{"line":16,"column":90},"end":{"line":31,"column":1}},"line":16},"1":{"name":"(anonymous_1)","decl":{"start":{"line":19,"column":8},"end":{"line":19,"column":9}},"loc":{"start":{"line":19,"column":14},"end":{"line":27,"column":9}},"line":19},"2":{"name":"(anonymous_2)","decl":{"start":{"line":22,"column":59},"end":{"line":22,"column":60}},"loc":{"start":{"line":22,"column":69},"end":{"line":22,"column":78}},"line":22},"3":{"name":"(anonymous_3)","decl":{"start":{"line":23,"column":23},"end":{"line":23,"column":24}},"loc":{"start":{"line":23,"column":29},"end":{"line":23,"column":60}},"line":23},"4":{"name":"(anonymous_4)","decl":{"start":{"line":26,"column":19},"end":{"line":26,"column":20}},"loc":{"start":{"line":26,"column":25},"end":{"line":26,"column":28}},"line":26},"5":{"name":"(anonymous_5)","decl":{"start":{"line":39,"column":35},"end":{"line":39,"column":36}},"loc":{"start":{"line":41,"column":17},"end":{"line":55,"column":1}},"line":41},"6":{"name":"(anonymous_6)","decl":{"start":{"line":45,"column":8},"end":{"line":45,"column":9}},"loc":{"start":{"line":45,"column":14},"end":{"line":51,"column":9}},"line":45},"7":{"name":"(anonymous_7)","decl":{"start":{"line":49,"column":52},"end":{"line":49,"column":53}},"loc":{"start":{"line":49,"column":63},"end":{"line":49,"column":81}},"line":49},"8":{"name":"(anonymous_8)","decl":{"start":{"line":50,"column":19},"end":{"line":50,"column":20}},"loc":{"start":{"line":50,"column":25},"end":{"line":50,"column":56}},"line":50},"9":{"name":"(anonymous_9)","decl":{"start":{"line":57,"column":40},"end":{"line":57,"column":41}},"loc":{"start":{"line":59,"column":17},"end":{"line":86,"column":1}},"line":59},"10":{"name":"(anonymous_10)","decl":{"start":{"line":63,"column":8},"end":{"line":63,"column":9}},"loc":{"start":{"line":63,"column":14},"end":{"line":82,"column":9}},"line":63},"11":{"name":"(anonymous_11)","decl":{"start":{"line":66,"column":59},"end":{"line":66,"column":60}},"loc":{"start":{"line":66,"column":71},"end":{"line":75,"column":13}},"line":66},"12":{"name":"(anonymous_12)","decl":{"start":{"line":70,"column":56},"end":{"line":70,"column":57}},"loc":{"start":{"line":70,"column":67},"end":{"line":73,"column":17}},"line":70},"13":{"name":"(anonymous_13)","decl":{"start":{"line":74,"column":23},"end":{"line":74,"column":24}},"loc":{"start":{"line":74,"column":29},"end":{"line":74,"column":60}},"line":74},"14":{"name":"(anonymous_14)","decl":{"start":{"line":78,"column":19},"end":{"line":78,"column":20}},"loc":{"start":{"line":78,"column":25},"end":{"line":80,"column":13}},"line":78},"15":{"name":"(anonymous_15)","decl":{"start":{"line":79,"column":32},"end":{"line":79,"column":33}},"loc":{"start":{"line":79,"column":50},"end":{"line":79,"column":66}},"line":79},"16":{"name":"(anonymous_16)","decl":{"start":{"line":88,"column":40},"end":{"line":88,"column":41}},"loc":{"start":{"line":91,"column":5},"end":{"line":110,"column":1}},"line":91},"17":{"name":"(anonymous_17)","decl":{"start":{"line":95,"column":8},"end":{"line":95,"column":9}},"loc":{"start":{"line":95,"column":14},"end":{"line":106,"column":9}},"line":95},"18":{"name":"(anonymous_18)","decl":{"start":{"line":104,"column":52},"end":{"line":104,
[...]
":{"line":334,"column":34}},"line":332},"58":{"name":"(anonymous_58)","decl":{"start":{"line":335,"column":87},"end":{"line":335,"column":88}},"loc":{"start":{"line":335,"column":100},"end":{"line":339,"column":1}},"line":335},"59":{"name":"(anonymous_59)","decl":{"start":{"line":340,"column":35},"end":{"line":340,"column":36}},"loc":{"start":{"line":341,"column":4},"end":{"line":341,"column":60}},"line":341},"60":{"name":"(anonymous_60)","decl":{"start":{"line":347,"column":4},"end":{"line":347,"column":5}},"loc":{"start":{"line":347,"column":27},"end":{"line":347,"column":86}},"line":347},"61":{"name":"(anonymous_61)","decl":{"start":{"line":350,"column":14},"end":{"line":350,"column":15}},"loc":{"start":{"line":350,"column":20},"end":{"line":350,"column":89}},"line":350},"62":{"name":"(anonymous_62)","decl":{"start":{"line":360,"column":25},"end":{"line":360,"column":26}},"loc":{"start":{"line":361,"column":4},"end":{"line":361,"column":64}},"line":361},"63":{"name":"(anonymous_63)","decl":{"start":{"line":361,"column":25},"end":{"line":361,"column":26}},"loc":{"start":{"line":361,"column":35},"end":{"line":361,"column":63}},"line":361},"64":{"name":"(anonymous_64)","decl":{"start":{"line":362,"column":27},"end":{"line":362,"column":28}},"loc":{"start":{"line":363,"column":4},"end":{"line":363,"column":63}},"line":363},"65":{"name":"(anonymous_65)","decl":{"start":{"line":364,"column":32},"end":{"line":364,"column":33}},"loc":{"start":{"line":365,"column":4},"end":{"line":365,"column":82}},"line":365},"66":{"name":"(anonymous_66)","decl":{"start":{"line":366,"column":26},"end":{"line":366,"column":27}},"loc":{"start":{"line":367,"column":4},"end":{"line":367,"column":59}},"line":367},"67":{"name":"(anonymous_67)","decl":{"start":{"line":368,"column":22},"end":{"line":368,"column":23}},"loc":{"start":{"line":369,"column":4},"end":{"line":369,"column":43}},"line":369},"68":{"name":"(anonymous_68)","decl":{"start":{"line":370,"column":23},"end":{"line":370,"column":24}},"loc":{"start":{"line":371,"column":4},"end":{"line":371,"column":47}},"line":371},"69":{"name":"(anonymous_69)","decl":{"start":{"line":373,"column":28},"end":{"line":373,"column":29}},"loc":{"start":{"line":373,"column":50},"end":{"line":375,"column":38}},"line":373},"70":{"name":"(anonymous_70)","decl":{"start":{"line":377,"column":33},"end":{"line":377,"column":34}},"loc":{"start":{"line":377,"column":55},"end":{"line":379,"column":38}},"line":377}},"branchMap":{"0":{"loc":{"start":{"line":20,"column":12},"end":{"line":24,"column":13}},"type":"if","locations":[{"start":{"line":20,"column":12},"end":{"line":24,"column":13}},{"start":{"line":20,"column":12},"end":{"line":24,"column":13}}],"line":20},"1":{"loc":{"start":{"line":160,"column":10},"end":{"line":160,"column":70}},"type":"binary-expr","locations":[{"start":{"line":160,"column":10},"end":{"line":160,"column":64}},{"start":{"line":160,"column":68},"end":{"line":160,"column":70}}],"line":160},"2":{"loc":{"start":{"line":166,"column":10},"end":{"line":166,"column":75}},"type":"binary-expr","locations":[{"start":{"line":166,"column":10},"end":{"line":166,"column":69}},{"start":{"line":166,"column":73},"end":{"line":166,"column":75}}],"line":166},"3":{"loc":{"start":{"line":225,"column":4},"end":{"line":227,"column":5}},"type":"if","locations":[{"start":{"line":225,"column":4},"end":{"line":227,"column":5}},{"start":{"line":225,"column":4},"end":{"line":227,"column":5}}],"line":225},"4":{"loc":{"start":{"line":250,"column":8},"end":{"line":250,"column":96}},"type":"cond-expr","locations":[{"start":{"line":250,"column":26},"end":{"line":250,"column":32}},{"start":{"line":250,"column":35},"end":{"line":250,"column":96}}],"line":250},"5":{"loc":{"start":{"line":255,"column":39},"end":{"line":255,"column":67}},"type":"cond-expr","locations":[{"start":{"line":255,"column":54},"end":{"line":255,"column":62}},{"start":{"line":255,"column":65},"end":{"line":255,"column":67}}],"line":255},"6":{"loc":{"start":{"line":268,"column":30},"end":{"line":268,"column":101}},"type":"cond-expr","locations":[{"start":{"line":268,"column":61},"end":{"line":268,"column":83}},{"start":{"line":268,"column":86},"end":{"line":268,"column":101}}],"line":268},"7":{"loc":{"start":{"line":288,"column":8},"end":{"line":288,"column":61}},"type":"cond-expr","locations":[{"start":{"line":288,"column":31},"end":{"line":288,"column":48}},{"start":{"line":288,"column":51},"end":{"line":288,"column":61}}],"line":288},"8":{"loc":{"start":{"line":309,"column":4},"end":{"line":309,"column":65}},"type":"default-arg","locations":[{"start":{"line":309,"column":53},"end":{"line":309,"column":65}}],"line":309},"9":{"loc":{"start":{"line":315,"column":8},"end":{"line":317,"column":9}},"type":"if","locations":[{"start":{"line":315,"column":8},"end":{"line":317,"column":9}},{"start":{"line":315,"column":8},"end":{"line":317,"column":9}}],"line":315},"10":{"loc":{"start":{"line":324,"column":4},"end":{"line":324,"column":65}},"type":"default-arg","locations":[{"start":{"line":324,"column":53},"end":{"line":324,"column":65}}],"line":324},"11":{"loc":{"start":{"line":337,"column":18},"end":{"line":337,"column":113}},"type":"cond-expr","locations":[{"start":{"line":337,"column":36},"end":{"line":337,"column":71}},{"start":{"line":337,"column":74},"end":{"line":337,"column":113}}],"line":337}},"s":{"0":0,"1":0,"2":0,"3":0,"4":0,"5":0,"6":0,"7":0,"8":0,"9":0,"10":0,"11":0,"12":0,"13":0,"14":0,"15":0,"16":0,"17":0,"18":0,"19":0,"20":0,"21":0,"22":0,"23":0,"24":0,"25":0,"26":0,"27":0,"28":0,"29":0,"30":0,"31":0,"32":0,"33":0,"34":0,"35":0,"36":0,"37":0,"38":0,"39":0,"40":0,"41":0,"42":0,"43":0,"44":0,"45":0,"46":0,"47":0,"48":0,"49":0,"50":0,"51":0,"52":0,"53":0,"54":0,"55":0,"56":0,"57":0,"58":0,"59":0,"60":0,"61":0,"62":0,"63":0,"64":0,"65":0,"66":0,"67":0,"68":0,"69":0,"70":0,"71":0,"72":0,"73":0,"74":0,"75":0,"76":0,"77":0,"78":0,"79":0,"80":0,"81":0,"82":0,"83":0,"84":0,"85":0,"86":0,"87":0,"88":0,"89":0,"90":0,"91":0,"92":0,"93":0,"94":0,"95":0,"96":0,"97":0,"98":0,"99":0,"100":0,"101":0,"102":0,"103":0,"104":0,"105":0,"106":0,"107":0,"108":0,"109":0,"110":0,"111":0,"112":0,"113":0,"114":0,"115":0,"116":0,"117":0,"118":0,"119":0,"120":0,"121":0,"122":0,"123":0,"124":0,"125":0,"126":0,"127":0,"128":0,"129":0,"130":0,"131":0,"132":0,"133":0,"134":0,"135":0,"136":0,"137":0,"138":0,"139":0,"140":0,"141":0,"142":0,"143":0,"144":0,"145":0,"146":0,"147":0,"148":0,"149":0,"150":0,"151":0,"152":0,"153":0,"154":0,"155":0,"156":0,"157":0,"158":0,"159":0,"160":0,"161":0,"162":0,"163":0,"164":0,"165":0,"166":0,"167":0,"168":0,"169":0,"170":0,"171":0,"172":0,"173":0,"174":0,"175":0,"176":0,"177":0,"178":0,"179":0,"180":0,"181":0},"f":{"0":0,"1":0,"2":0,"3":0,"4":0,"5":0,"6":0,"7":0,"8":0,"9":0,"10":0,"11":0,"12":0,"13":0,"14":0,"15":0,"16":0,"17":0,"18":0,"19":0,"20":0,"21":0,"22":0,"23":0,"24":0,"25":0,"26":0,"27":0,"28":0,"29":0,"30":0,"31":0,"32":0,"33":0,"34":0,"35":0,"36":0,"37":0,"38":0,"39":0,"40":0,"41":0,"42":0,"43":0,"44":0,"45":0,"46":0,"47":0,"48":0,"49":0,"50":0,"51":0,"52":0,"53":0,"54":0,"55":0,"56":0,"57":0,"58":0,"59":0,"60":0,"61":0,"62":0,"63":0,"64":0,"65":0,"66":0,"67":0,"68":0,"69":0,"70":0},"b":{"0":[0,0],"1":[0,0],"2":[0,0],"3":[0,0],"4":[0,0],"5":[0,0],"6":[0,0],"7":[0,0],"8":[0],"9":[0,0],"10":[0],"11":[0,0]},"all":true},"/home/guan/Desktop/studies/spring_2021/dti/office-hours/src/react-app-env.d.ts":{"path":"/home/guan/Desktop/studies/spring_2021/dti/office-hours/src/react-app-env.d.ts","statementMap":{},"fnMap":{},"branchMap":{},"s":{},"f":{},"b":{},"all":true},"/home/guan/Desktop/studies/spring_2021/dti/office-hours/src/utilities/date.ts":{"path":"/home/guan/Desktop/studies/spring_2021/dti/office-hours/src/utilities/date.ts","statementMap":{"0":{"start":{"line":9,"column":28},"end":{"line":24,"column":1}},"1":{"start":{"line":10,"column":18},"end":{"line":10,"column":44}},"2":{"start":{"line":11,"column":4},"end":{"line":11,"column":33}},"3":{"start":{"line":12,"column":16},"end":{"line":12,"column":40}},"4":{"start":{"line":13,"column":4},"end":{"line":13,"column":31}},"5":{"start":{"line":15,"column":19},"end":{"line":15,"column":21}},"6":{"start":{"line":16,"column":21},"end":{"line":16,"column":34}},"7":{"start":{"line":18,"column":4},"end":{"line":21,"column":5}},"8":{"start":{"line":19,"column":8},"end":{"line":19,"column":38}},"9":{"start":{"line":20,"column":8},"end":{"line":20,"column":32}},"10":{"start":{"line":23,"column":4},"end":{"line":23,"column":18}},"11":{"start":{"line":26,"column":25},"end":{"line":31,"column":1}},"12":{"start":{"line":27,"column":23},"end":{"line":27,"column":35}},"13":{"start":{"line":28,"column":4},"end":{"line":28,"column":30}},"14":{"start":{"line":29,"column":4},"end":{"line":29,"column":25}},"15":{"start":{"line":30,"column":4},"end":{"line":30,"column":22}},"16":{"start":{"line":39,"column":25},"end":{"line":45,"column":1}},"17":{"start":{"line":40,"column":4},"end":{"line":40,"column":31}},"18":{"start":{"line":41,"column":4},"end":{"line":41,"column":26}},"19":{"start":{"line":42,"column":4},"end":{"line":42,"column":42}},"20":{"start":{"line":43,"column":4},"end":{"line":43,"column":38}},"21":{"start":{"line":44,"column":4},"end":{"line":44,"column":34}},"22":{"start":{"line":47,"column":26},"end":{"line":54,"column":68}},"23":{"start":{"line":53,"column":4},"end":{"line":54,"column":68}}},"fnMap":{"0":{"name":"(anonymous_0)","decl":{"start":{"line":9,"column":28},"end":{"line":9,"column":29}},"loc":{"start":{"line":9,"column":97},"end":{"line":24,"column":1}},"line":9},"1":{"name":"(anonymous_1)","decl":{"start":{"line":26,"column":25},"end":{"line":26,"column":26}},"loc":{"start":{"line":26,"column":65},"end":{"line":31,"column":1}},"line":26},"2":{"name":"(anonymous_2)","decl":{"start":{"line":39,"column":25},"end":{"line":39,"column":26}},"loc":{"start":{"line":39,"column":80},"end":{"line":45,"column":1}},"line":39},"3":{"name":"(anonymous_3)","decl":{"start":{"line":47,"column":26},"end":{"line":47,"column":27}},"loc":{"start":{"line":53,"column":4},"end":{"line":54,"column":68}},"line":53}},"branchMap":{"0":{"loc":{"start":{"line":53,"column":4},"end":{"line":54,"column":68}},"type":"binary-expr","locations":[{"start":{"line":53,"column":5},"end":{"line":53,"column":35}},{"start":{"line":53,"column":39},"end":{"line":53,"column":71}},{"start":{"line":54,"column":5},"end":{"line":54,"column":33}},{"start":{"line":54,"column":37},"end":{"line":54,"column":67}}],"line":53}},"s":{"0":0,"1":0,"2":0,"3":0,"4":0,"5":0,"6":0,"7":0,"8":0,"9":0,"10":0,"11":0,"12":0,"13":0,"14":0,"15":0,"16":0,"17":0,"18":0,"19":0,"20":0,"21":0,"22":0,"23":0},"f":{"0":0,"1":0,"2":0,"3":0},"b":{"0":[0,0,0,0]},"all":true},"/home/guan/Desktop/studies/spring_2021/dti/office-hours/src/utilities/questions.ts":{"path":"/home/guan/Desktop/studies/spring_2021/dti/office-hours/src/utilities/questions.ts","statementMap":{"0":{"start":{"line":1,"column":41},"end":{"line":4,"column":89}},"1":{"start":{"line":4,"column":4},"end":{"line":4,"column":89}},"2":{"start":{"line":4,"column":40},"end":{"line":4,"column":88}},"3":{"start":{"line":6,"column":43},"end":{"line":14,"column":1}},"4":{"start":{"line":10,"column":32},"end":{"line":10,"column":71}},"5":{"start":{"line":11,"column":26},"end":{"line":11,"column":93}},"6":{"start":{"line":11,"column":65},"end":{"line":11,"column":92}},"7":{"start":{"line":13,"column":4},"end":{"line":13,"column":48}},"8":{"start":{"line":16,"column":65},"end":{"line":28,"column":1}},"9":{"start":{"line":20,"column":4},"end":{"line":22,"column":5}},"10":{"start":{"line":21,"column":8},"end":{"line":21,"column":42}},"11":{"start":{"line":23,"column":4},"end":{"line":27,"column":6}},"12":{"start":{"line":25,"column":24},"end":{"line":25,"column":94}},"13":{"start":{"line":30,"column":34},"end":{"line":33,"column":5}},"14":{"start":{"line":31,"column":4},"end":{"line":33,"column":5}}},"fnMap":{"0":{"name":"(anonymous_0)","decl":{"start":{"line":1,"column":41},"end":{"line":1,"column":42}},"loc":{"start":{"line":4,"column":4},"end":{"line":4,"column":89}},"line":4},"1":{"name":"(anonymous_1)","decl":{"start":{"line":4,"column":24},"end":{"line":4,"column":25}},"loc":{"start":{"line":4,"column":40},"end":{"line":4,"column":88}},"line":4},"2":{"name":"(anonymous_2)","decl":{"start":{"line":6,"column":43},"end":{"line":6,"column":44}},"loc":{"start":{"line":9,"column":66},"end":{"line":14,"column":1}},"line":9},"3":{"name":"(anonymous_3)","decl":{"start":{"line":11,"column":53},"end":{"line":11,"column":54}},"loc":{"start":{"line":11,"column":65},"end":{"line":11,"column":92}},"line":11},"4":{"name":"(anonymous_4)","decl":{"start":{"line":16,"column":65},"end":{"line":16,"column":66}},"loc":{"start":{"line":19,"column":13},"end":{"line":28,"column":1}},"line":19},"5":{"name":"(anonymous_5)","decl":{"start":{"line":25,"column":12},"end":{"line":25,"column":13}},"loc":{"start":{"line":25,"column":24},"end":{"line":25,"column":94}},"line":25},"6":{"name":"(anonymous_6)","decl":{"start":{"line":30,"column":34},"end":{"line":30,"column":35}},"loc":{"start":{"line":31,"column":4},"end":{"line":33,"column":5}},"line":31}},"branchMap":{"0":{"loc":{"start":{"line":4,"column":40},"end":{"line":4,"column":88}},"type":"binary-expr","locations":[{"start":{"line":4,"column":40},"end":{"line":4,"column":61}},{"start":{"line":4,"column":65},"end":{"line":4,"column":88}}],"line":4},"1":{"loc":{"start":{"line":20,"column":4},"end":{"line":22,"column":5}},"type":"if","locations":[{"start":{"line":20,"column":4},"end":{"line":22,"column":5}},{"start":{"line":20,"column":4},"end":{"line":22,"column":5}}],"line":20}},"s":{"0":0,"1":0,"2":0,"3":0,"4":0,"5":0,"6":0,"7":0,"8":0,"9":0,"10":0,"11":0,"12":0,"13":0,"14":0},"f":{"0":0,"1":0,"2":0,"3":0,"4":0,"5":0,"6":0},"b":{"0":[0,0],"1":[0,0]},"all":true},"/home/guan/Desktop/studies/spring_2021/dti/office-hours/src/utilities/singleton-observable-hook.ts":{"path":"/home/guan/Desktop/studies/spring_2021/dti/office-hours/src/utilities/singleton-observable-hook.ts","statementMap":{"0":{"start":{"line":25,"column":8},"end":{"line":25,"column":35}},"1":{"start":{"line":26,"column":8},"end":{"line":26,"column":75}},"2":{"start":{"line":26,"column":48},"end":{"line":26,"column":68}},"3":{"start":{"line":29,"column":17},"end":{"line":29,"column":37}},"4":{"start":{"line":29,"column":26},"end":{"line":29,"column":37}},"5":{"start":{"line":30,"column":23},"end":{"line":30,"column":102}},"6":{"start":{"line":30,"column":67},"end":{"line":30,"column":102}},"7":{"start":{"line":37,"column":8},"end":{"line":37,"column":29}},"8":{"start":{"line":40,"column":17},"end":{"line":48,"column":5}},"9":{"start":{"line":41,"column":27},"end":{"line":41,"column":50}},"10":{"start":{"line":42,"column":8},"end":{"line":44,"column":9}},"11":{"start":{"line":43,"column":12},"end":{"line":43,"column":30}},"12":{"start":{"line":45,"column":30},"end":{"line":45,"column":61}},"13":{"start":{"line":46,"column":8},"end":{"line":46,"column":47}},"14":{"start":{"line":47,"column":8},"end":{"line":47,"column":29}},"15":{"start":{"line":56,"column":48},"end":{"line":65,"column":1}},"16":{"start":{"line":57,"column":4},"end":{"line":64,"column":6}},"17":{"start":{"line":58,"column":34},"end":{"line":58,"column":69}},"18":{"start":{"line":59,"column":8},"end":{"line":62,"column":15}},"19":{"start":{"line":60,"column":33},"end":{"line":60,"column":90}},"20":{"start":{"line":60,"column":73},"end":{"line":60,"column":89}},"21":{"start":{"line":61,"column":12},"end":{"line":61,"column":52}},"22":{"start":{"line":61,"column":25},"end":{"line":61,"column":51}},"23":{"start":{"line":63,"column":8},"end":{"line":63,"column":21}},"24":{"start":{"line":67,"column":61},"end":{"line":80,"column":1}},"25":{"start":{"line":70,"column":20},"end":{"line":70,"column":80}},"26":{"start":{"line":71,"column":4},"end":{"line":79,"column":6}},"27":{"start":{"line":72,"column":36},"end":{"line":72,"column":58}},"28":{"start":{"line":73,"column":34},"end":{"line":73,"column":69}},"29":{"start":{"line":74,"column":8},"end":{"line":77,"column":34}},"30":{"start":{"line":75,"column":33},"end":{"line":75,"column":90}},"31":{"start":{"line":75,"column":73},"end":{"line":75,"column":89}},"32":{"start":{"line":76,"column":12},"end":{"line":76,"column":52}},"33":{"start":{"line":76,"column":25},"end":{"line":76,"column":51}},"34":{"start":{"line":78,"column":8},"end":{"line":78,"column":21}}},"fnMap":{"0":{"name":"(anonymous_0)","decl":{"start":{"line":24,"column":4},"end":{"line":24,"column":5}},"loc":{"start":{"line":24,"column":84},"end":{"line":27,"column":5}},"line":24},"1":{"name":"(anonymous_1)","decl":{"start":{"line":26,"column":37},"end":{"line":26,"column":38}},"loc":{"start":{"line":26,"column":46},"end":{"line":26,"column":71}},"line":26},"2":{"name":"(anonymous_2)","decl":{"start":{"line":29,"column":17},"end":{"line":29,"column":18}},"loc":{"start":{"line":29,"column":26},"end":{"line":29,"column":37}},"line":29},"3":{"name":"(anonymous_3)","decl":{"start":{"line":30,"column":23},"end":{"line":30,"column":24}},"loc":{"start":{"line":30,"column":67},"end":{"line":30,"column":102}},"line":30},"4":{"name":"(anonymous_4)","decl":{"start":{"line":36,"column":4},"end":{"line":36,"column":5}},"loc":{"start":{"line":36,"column":104},"end":{"line":38,"column":5}},"line":36},"5":{"name":"(anonymous_5)","decl":{"start":{"line":40,"column":17},"end":{"line":40,"column":18}},"loc":{"start":{"line":40,"column":64},"end":{"line":48,"column":5}},"line":40},"6":{"name":"(anonymous_6)","decl":{"start":{"line":56,"column":48},"end":{"line":56,"column":49}},"loc":{"start":{"line":56,"column":111},"end":{"line":65,"column":1}},"line":56},"7":{"name":"(anonymous_7)","decl":{"start":{"line":57,"column":11},"end":{"line":57,"column":12}},"loc":{"start":{"line":57,"column":17},"end":{"line":64,"column":5}},"line":57},"8":{"name":"(anonymous_8)","decl":{"start":{"line":59,"column":18},"end":{"line":59,"column":19}},"loc":{"start":{"line":59,"column":24},"end":{"line":62,"column":9}},"line":59},"9":{"name":"(anonymous_9)","decl":{"start":{"line":60,"column":63},"end":{"line":60,"column":64}},"loc":{"start":{"line":60,"column":73},"end":{"line":60,"column":89}},"line":60},"10":{"name":"(anonymous_10)","decl":{"start":{"line":61,"column":19},"end":{"line":61,"column":20}},"loc":{"start":{"line":61,"column":25},"end":{"line":61,"column":51}},"line":61},"11":{"name":"(anonymous_11)","decl":{"start":{"line":67,"column":61},"end":{"line":67,"column":62}},"loc":{"start":{"line":69,"column":33},"end":{"line":80,"column":1}},"line":69},"12":{"name":"(anonymous_12)","decl":{"start":{"line":71,"column":11},"end":{"line":71,"column":12}},"loc":{"start":{"line":71,"column":34},"end":{"line":79,"column":5}},"line":71},"13":{"name":"(anonymous_13)","decl":{"start":{"line":74,"column":18},"end":{"line":74,"column":19}},"loc":{"start":{"line":74,"column":24},"end":{"line":77,"column":9}},"line":74},"14":{"name":"(anonymous_14)","decl":{"start":{"line":75,"column":63},"end":{"line":75,"column":64}},"loc":{"start":{"line":75,"column":73},"end":{"line":75,"column":89}},"line":75},"15":{"name":"(anonymous_15)","decl":{"start":{"line":76,"column":19},"end":{"line":76,"column":20}},"loc":{"start":{"line":76,"column":25},"end":{"line":76,"column":51}},"line":76}},"branchMap":{"0":{"loc":{"start":{"line":42,"column":8},"end":{"line":44,"column":9}},"type":"if","locations":[{"start":{"line":42,"column":8},"end":{"line":44,"column":9}},{"start":{"line":42,"column":8},"end":{"line":44,"column":9}}],"line":42}},"s":{"0":0,"1":0,"2":0,"3":0,"4":0,"5":0,"6":0,"7":0,"8":0,"9":0,"10":0,"11":0,"12":0,"13":0,"14":0,"15":0,"16":0,"17":0,"18":0,"19":0,"20":0,"21":0,"22":0,"23":0,"24":0,"25":0,"26":0,"27":0,"28":0,"29":0,"30":0,"31":0,"32":0,"33":0,"34":0},"f":{"0":0,"1":0,"2":0,"3":0,"4":0,"5":0,"6":0,"7":0,"8":0,"9":0,"10":0,"11":0,"12":0,"13":0,"14":0,"15":0},"b":{"0":[0,0]},"all":true}}